wandb: Using wandb-core as the SDK backend.  Please refer to https://wandb.me/wandb-core for more information.
wandb: Currently logged in as: peremayolc (peremayolc-universitat-aut-noma-de-barcelona). Use `wandb login --relogin` to force relogin
A.L.E: Arcade Learning Environment (version 0.10.1+unknown)
[Powered by Stella]
wandb: - Waiting for wandb.init()...wandb: \ Waiting for wandb.init()...wandb: Tracking run with wandb version 0.18.7
wandb: Run data is saved locally in /export/fhome/pmlai01/ReinforcementLearning_Project_Group1-2/Pere/wandb/run-20241205_145804-mkzjpz1z
wandb: Run `wandb offline` to turn off syncing.
wandb: Syncing run REINFORCE-TEST(0.0005/0.99)
wandb: ⭐️ View project at https://wandb.ai/peremayolc-universitat-aut-noma-de-barcelona/DEFINITIVE_TEST_KABOOOM
wandb: 🚀 View run at https://wandb.ai/peremayolc-universitat-aut-noma-de-barcelona/DEFINITIVE_TEST_KABOOOM/runs/mkzjpz1z
cuda
Standard Env Grayscaled: (210, 160)
ResizeObservation    : (84, 84)
ReshapeObservation   : (84, 84)
FrameStackObservation: (4, 84, 84)
ScaledFloatFrame     : (4, 84, 84)
*** Wrapped Environment ***
Environment obs. : (4, 84, 84)
Observation shape: (4, 84, 84), type: float32 and range [0.0,0.6980392336845398]
Observation sample:
[[[0. 0. 0. ... 0. 0. 0.]
  [0. 0. 0. ... 0. 0. 0.]
  [0. 0. 0. ... 0. 0. 0.]
  ...
  [0. 0. 0. ... 0. 0. 0.]
  [0. 0. 0. ... 0. 0. 0.]
  [0. 0. 0. ... 0. 0. 0.]]

 [[0. 0. 0. ... 0. 0. 0.]
  [0. 0. 0. ... 0. 0. 0.]
  [0. 0. 0. ... 0. 0. 0.]
  ...
  [0. 0. 0. ... 0. 0. 0.]
  [0. 0. 0. ... 0. 0. 0.]
  [0. 0. 0. ... 0. 0. 0.]]

 [[0. 0. 0. ... 0. 0. 0.]
  [0. 0. 0. ... 0. 0. 0.]
  [0. 0. 0. ... 0. 0. 0.]
  ...
  [0. 0. 0. ... 0. 0. 0.]
  [0. 0. 0. ... 0. 0. 0.]
  [0. 0. 0. ... 0. 0. 0.]]

 [[0. 0. 0. ... 0. 0. 0.]
  [0. 0. 0. ... 0. 0. 0.]
  [0. 0. 0. ... 0. 0. 0.]
  ...
  [0. 0. 0. ... 0. 0. 0.]
  [0. 0. 0. ... 0. 0. 0.]
  [0. 0. 0. ... 0. 0. 0.]]]
Episode 0 | Total Reward: 2.00 | Rolling Avg Reward: 2.00 | Rolling Avg Loss: 0.3338
Episode 10 | Total Reward: 2.00 | Rolling Avg Reward: 2.60 | Rolling Avg Loss: 1.3904
Episode 20 | Total Reward: 2.00 | Rolling Avg Reward: 2.10 | Rolling Avg Loss: 3.1834
Episode 30 | Total Reward: 4.00 | Rolling Avg Reward: 2.10 | Rolling Avg Loss: -2.0188
Episode 40 | Total Reward: 1.00 | Rolling Avg Reward: 2.80 | Rolling Avg Loss: 1.0970
Episode 50 | Total Reward: 2.00 | Rolling Avg Reward: 2.10 | Rolling Avg Loss: 2.1496
Episode 60 | Total Reward: 1.00 | Rolling Avg Reward: 1.80 | Rolling Avg Loss: 2.4828
Episode 70 | Total Reward: 3.00 | Rolling Avg Reward: 2.40 | Rolling Avg Loss: -0.0480
Episode 80 | Total Reward: 3.00 | Rolling Avg Reward: 2.70 | Rolling Avg Loss: 0.3317
Episode 90 | Total Reward: 3.00 | Rolling Avg Reward: 2.30 | Rolling Avg Loss: -2.4401
Episode 100 | Total Reward: 2.00 | Rolling Avg Reward: 1.70 | Rolling Avg Loss: -1.0750
Episode 110 | Total Reward: 2.00 | Rolling Avg Reward: 2.10 | Rolling Avg Loss: 11.2089
Episode 120 | Total Reward: 3.00 | Rolling Avg Reward: 2.20 | Rolling Avg Loss: -3.5174
Episode 130 | Total Reward: 1.00 | Rolling Avg Reward: 2.00 | Rolling Avg Loss: 7.4780
Episode 140 | Total Reward: 4.00 | Rolling Avg Reward: 2.00 | Rolling Avg Loss: 6.0280
Episode 150 | Total Reward: 1.00 | Rolling Avg Reward: 5.00 | Rolling Avg Loss: 1.7217
Episode 160 | Total Reward: 2.00 | Rolling Avg Reward: 6.70 | Rolling Avg Loss: 0.0423
Episode 170 | Total Reward: 2.00 | Rolling Avg Reward: 5.10 | Rolling Avg Loss: -1.1956
Episode 180 | Total Reward: 5.00 | Rolling Avg Reward: 3.90 | Rolling Avg Loss: 2.0400
Episode 190 | Total Reward: 1.00 | Rolling Avg Reward: 3.60 | Rolling Avg Loss: 1.1371
Episode 200 | Total Reward: 2.00 | Rolling Avg Reward: 4.70 | Rolling Avg Loss: -0.9606
Episode 210 | Total Reward: 8.00 | Rolling Avg Reward: 6.50 | Rolling Avg Loss: 1.9641
Episode 220 | Total Reward: 6.00 | Rolling Avg Reward: 5.10 | Rolling Avg Loss: -0.2064
Episode 230 | Total Reward: 7.00 | Rolling Avg Reward: 6.90 | Rolling Avg Loss: -1.5403
Episode 240 | Total Reward: 4.00 | Rolling Avg Reward: 6.50 | Rolling Avg Loss: 6.1372
Episode 250 | Total Reward: 1.00 | Rolling Avg Reward: 5.50 | Rolling Avg Loss: -1.7163
Episode 260 | Total Reward: 1.00 | Rolling Avg Reward: 2.30 | Rolling Avg Loss: -2.5160
Episode 270 | Total Reward: 5.00 | Rolling Avg Reward: 2.70 | Rolling Avg Loss: 3.8493
Episode 280 | Total Reward: 9.00 | Rolling Avg Reward: 3.40 | Rolling Avg Loss: 9.4722
Episode 290 | Total Reward: 8.00 | Rolling Avg Reward: 5.10 | Rolling Avg Loss: 1.3181
Episode 300 | Total Reward: 2.00 | Rolling Avg Reward: 4.10 | Rolling Avg Loss: -0.5541
Episode 310 | Total Reward: 4.00 | Rolling Avg Reward: 4.80 | Rolling Avg Loss: -0.1601
Episode 320 | Total Reward: 1.00 | Rolling Avg Reward: 3.20 | Rolling Avg Loss: -0.5799
Episode 330 | Total Reward: 9.00 | Rolling Avg Reward: 7.00 | Rolling Avg Loss: 2.2483
Episode 340 | Total Reward: 2.00 | Rolling Avg Reward: 4.80 | Rolling Avg Loss: -1.1034
Episode 350 | Total Reward: 9.00 | Rolling Avg Reward: 4.90 | Rolling Avg Loss: -2.0066
Episode 360 | Total Reward: 5.00 | Rolling Avg Reward: 5.90 | Rolling Avg Loss: -1.2458
Episode 370 | Total Reward: 4.00 | Rolling Avg Reward: 5.80 | Rolling Avg Loss: -0.1667
Episode 380 | Total Reward: 10.00 | Rolling Avg Reward: 4.40 | Rolling Avg Loss: 1.3655
Episode 390 | Total Reward: 9.00 | Rolling Avg Reward: 7.40 | Rolling Avg Loss: -1.7245
Episode 400 | Total Reward: 6.00 | Rolling Avg Reward: 4.70 | Rolling Avg Loss: 0.6941
Episode 410 | Total Reward: 1.00 | Rolling Avg Reward: 3.10 | Rolling Avg Loss: 0.3722
Episode 420 | Total Reward: 6.00 | Rolling Avg Reward: 4.60 | Rolling Avg Loss: 1.5684
Episode 430 | Total Reward: 9.00 | Rolling Avg Reward: 5.20 | Rolling Avg Loss: -2.1979
Episode 440 | Total Reward: 6.00 | Rolling Avg Reward: 4.60 | Rolling Avg Loss: -5.2829
Episode 450 | Total Reward: 8.00 | Rolling Avg Reward: 4.60 | Rolling Avg Loss: 2.7685
Episode 460 | Total Reward: 10.00 | Rolling Avg Reward: 6.20 | Rolling Avg Loss: -0.9492
Episode 470 | Total Reward: 3.00 | Rolling Avg Reward: 4.90 | Rolling Avg Loss: -3.4843
Episode 480 | Total Reward: 5.00 | Rolling Avg Reward: 4.50 | Rolling Avg Loss: 3.7998
Episode 490 | Total Reward: 5.00 | Rolling Avg Reward: 8.30 | Rolling Avg Loss: 0.3808
Episode 500 | Total Reward: 2.00 | Rolling Avg Reward: 5.70 | Rolling Avg Loss: -0.3835
Episode 510 | Total Reward: 2.00 | Rolling Avg Reward: 4.90 | Rolling Avg Loss: 3.2078
Episode 520 | Total Reward: 1.00 | Rolling Avg Reward: 4.80 | Rolling Avg Loss: -1.4199
Episode 530 | Total Reward: 4.00 | Rolling Avg Reward: 5.20 | Rolling Avg Loss: -0.7403
Episode 540 | Total Reward: 1.00 | Rolling Avg Reward: 2.80 | Rolling Avg Loss: 2.4802
Episode 550 | Total Reward: 2.00 | Rolling Avg Reward: 3.50 | Rolling Avg Loss: -0.2609
Episode 560 | Total Reward: 4.00 | Rolling Avg Reward: 3.50 | Rolling Avg Loss: 4.9917
Episode 570 | Total Reward: 3.00 | Rolling Avg Reward: 3.50 | Rolling Avg Loss: 6.6396
Episode 580 | Total Reward: 4.00 | Rolling Avg Reward: 6.00 | Rolling Avg Loss: -1.8243
Episode 590 | Total Reward: 3.00 | Rolling Avg Reward: 5.60 | Rolling Avg Loss: 1.3344
Episode 600 | Total Reward: 0.00 | Rolling Avg Reward: 4.30 | Rolling Avg Loss: 1.4495
Episode 610 | Total Reward: 2.00 | Rolling Avg Reward: 3.40 | Rolling Avg Loss: -0.3776
Episode 620 | Total Reward: 9.00 | Rolling Avg Reward: 7.10 | Rolling Avg Loss: 0.3322
Episode 630 | Total Reward: 6.00 | Rolling Avg Reward: 3.70 | Rolling Avg Loss: -1.3785
Episode 640 | Total Reward: 3.00 | Rolling Avg Reward: 4.80 | Rolling Avg Loss: 2.6531
Episode 650 | Total Reward: 3.00 | Rolling Avg Reward: 5.80 | Rolling Avg Loss: 1.5601
Episode 660 | Total Reward: 4.00 | Rolling Avg Reward: 4.60 | Rolling Avg Loss: 3.8624
Episode 670 | Total Reward: 4.00 | Rolling Avg Reward: 6.00 | Rolling Avg Loss: 4.3676
Episode 680 | Total Reward: 3.00 | Rolling Avg Reward: 3.20 | Rolling Avg Loss: -0.0260
Episode 690 | Total Reward: 4.00 | Rolling Avg Reward: 4.80 | Rolling Avg Loss: 1.1607
Episode 700 | Total Reward: 1.00 | Rolling Avg Reward: 3.90 | Rolling Avg Loss: 2.1641
Episode 710 | Total Reward: 2.00 | Rolling Avg Reward: 3.10 | Rolling Avg Loss: -0.5469
Episode 720 | Total Reward: 4.00 | Rolling Avg Reward: 7.10 | Rolling Avg Loss: -0.5912
Episode 730 | Total Reward: 5.00 | Rolling Avg Reward: 4.80 | Rolling Avg Loss: -0.2113
Episode 740 | Total Reward: 6.00 | Rolling Avg Reward: 3.70 | Rolling Avg Loss: -0.7607
Episode 750 | Total Reward: 5.00 | Rolling Avg Reward: 4.80 | Rolling Avg Loss: -1.5859
Episode 760 | Total Reward: 9.00 | Rolling Avg Reward: 6.60 | Rolling Avg Loss: -0.7419
Episode 770 | Total Reward: 6.00 | Rolling Avg Reward: 3.10 | Rolling Avg Loss: -0.1176
Episode 780 | Total Reward: 6.00 | Rolling Avg Reward: 5.20 | Rolling Avg Loss: 0.7023
Episode 790 | Total Reward: 1.00 | Rolling Avg Reward: 4.60 | Rolling Avg Loss: -2.4145
Episode 800 | Total Reward: 5.00 | Rolling Avg Reward: 3.40 | Rolling Avg Loss: -0.9766
Episode 810 | Total Reward: 8.00 | Rolling Avg Reward: 6.30 | Rolling Avg Loss: -0.6965
Episode 820 | Total Reward: 2.00 | Rolling Avg Reward: 4.10 | Rolling Avg Loss: 4.6747
Episode 830 | Total Reward: 3.00 | Rolling Avg Reward: 4.70 | Rolling Avg Loss: -0.0369
Episode 840 | Total Reward: 7.00 | Rolling Avg Reward: 5.70 | Rolling Avg Loss: -1.7553
Episode 850 | Total Reward: 2.00 | Rolling Avg Reward: 6.20 | Rolling Avg Loss: -1.8441
Episode 860 | Total Reward: 6.00 | Rolling Avg Reward: 7.30 | Rolling Avg Loss: -1.5057
Episode 870 | Total Reward: 2.00 | Rolling Avg Reward: 4.90 | Rolling Avg Loss: -2.5566
Episode 880 | Total Reward: 3.00 | Rolling Avg Reward: 4.20 | Rolling Avg Loss: 1.2165
Episode 890 | Total Reward: 8.00 | Rolling Avg Reward: 4.90 | Rolling Avg Loss: 3.3764
Episode 900 | Total Reward: 5.00 | Rolling Avg Reward: 3.70 | Rolling Avg Loss: 0.6177
Episode 910 | Total Reward: 0.00 | Rolling Avg Reward: 3.80 | Rolling Avg Loss: 1.8016
Episode 920 | Total Reward: 4.00 | Rolling Avg Reward: 6.30 | Rolling Avg Loss: -0.9549
Episode 930 | Total Reward: 6.00 | Rolling Avg Reward: 4.30 | Rolling Avg Loss: 1.4320
Episode 940 | Total Reward: 3.00 | Rolling Avg Reward: 5.00 | Rolling Avg Loss: -3.9133
Episode 950 | Total Reward: 10.00 | Rolling Avg Reward: 5.10 | Rolling Avg Loss: 0.4226
Episode 960 | Total Reward: 8.00 | Rolling Avg Reward: 4.10 | Rolling Avg Loss: 0.3352
Episode 970 | Total Reward: 6.00 | Rolling Avg Reward: 5.10 | Rolling Avg Loss: -3.4726
Episode 980 | Total Reward: 6.00 | Rolling Avg Reward: 4.90 | Rolling Avg Loss: 1.5680
Episode 990 | Total Reward: 7.00 | Rolling Avg Reward: 6.80 | Rolling Avg Loss: 3.0792
Episode 1000 | Total Reward: 5.00 | Rolling Avg Reward: 4.60 | Rolling Avg Loss: -2.3500
Episode 1010 | Total Reward: 5.00 | Rolling Avg Reward: 6.60 | Rolling Avg Loss: 1.7969
Episode 1020 | Total Reward: 5.00 | Rolling Avg Reward: 5.20 | Rolling Avg Loss: 1.8870
Episode 1030 | Total Reward: 4.00 | Rolling Avg Reward: 5.80 | Rolling Avg Loss: -0.4219
Episode 1040 | Total Reward: 6.00 | Rolling Avg Reward: 4.20 | Rolling Avg Loss: 0.3476
Episode 1050 | Total Reward: 8.00 | Rolling Avg Reward: 3.90 | Rolling Avg Loss: -3.7229
Episode 1060 | Total Reward: 5.00 | Rolling Avg Reward: 4.80 | Rolling Avg Loss: 1.7972
Episode 1070 | Total Reward: 10.00 | Rolling Avg Reward: 6.50 | Rolling Avg Loss: 0.9588
Episode 1080 | Total Reward: 2.00 | Rolling Avg Reward: 5.00 | Rolling Avg Loss: 3.1692
Episode 1090 | Total Reward: 7.00 | Rolling Avg Reward: 5.30 | Rolling Avg Loss: 3.1023
Episode 1100 | Total Reward: 7.00 | Rolling Avg Reward: 4.10 | Rolling Avg Loss: -2.3855
Episode 1110 | Total Reward: 6.00 | Rolling Avg Reward: 5.00 | Rolling Avg Loss: -2.1217
Episode 1120 | Total Reward: 8.00 | Rolling Avg Reward: 4.60 | Rolling Avg Loss: -1.2360
Episode 1130 | Total Reward: 8.00 | Rolling Avg Reward: 5.50 | Rolling Avg Loss: 4.2741
Episode 1140 | Total Reward: 2.00 | Rolling Avg Reward: 6.90 | Rolling Avg Loss: 5.3557
Episode 1150 | Total Reward: 3.00 | Rolling Avg Reward: 4.70 | Rolling Avg Loss: 2.8019
Episode 1160 | Total Reward: 0.00 | Rolling Avg Reward: 3.30 | Rolling Avg Loss: 0.0528
Episode 1170 | Total Reward: 2.00 | Rolling Avg Reward: 5.10 | Rolling Avg Loss: -1.5080
Episode 1180 | Total Reward: 10.00 | Rolling Avg Reward: 5.10 | Rolling Avg Loss: 2.6220
Episode 1190 | Total Reward: 8.00 | Rolling Avg Reward: 5.80 | Rolling Avg Loss: -1.2186
Episode 1200 | Total Reward: 5.00 | Rolling Avg Reward: 4.50 | Rolling Avg Loss: -3.5712
Episode 1210 | Total Reward: 6.00 | Rolling Avg Reward: 3.90 | Rolling Avg Loss: 1.6919
Episode 1220 | Total Reward: 5.00 | Rolling Avg Reward: 4.00 | Rolling Avg Loss: 1.1799
Episode 1230 | Total Reward: 5.00 | Rolling Avg Reward: 5.40 | Rolling Avg Loss: -1.2130
Episode 1240 | Total Reward: 2.00 | Rolling Avg Reward: 3.40 | Rolling Avg Loss: 3.2252
Episode 1250 | Total Reward: 3.00 | Rolling Avg Reward: 5.80 | Rolling Avg Loss: 2.4639
Episode 1260 | Total Reward: 3.00 | Rolling Avg Reward: 3.50 | Rolling Avg Loss: -2.2772
Episode 1270 | Total Reward: 3.00 | Rolling Avg Reward: 5.20 | Rolling Avg Loss: -1.0133
Episode 1280 | Total Reward: 5.00 | Rolling Avg Reward: 4.40 | Rolling Avg Loss: -1.5214
Episode 1290 | Total Reward: 2.00 | Rolling Avg Reward: 3.90 | Rolling Avg Loss: 4.2172
Episode 1300 | Total Reward: 0.00 | Rolling Avg Reward: 3.30 | Rolling Avg Loss: -1.8769
Episode 1310 | Total Reward: 2.00 | Rolling Avg Reward: 3.20 | Rolling Avg Loss: -2.5269
Episode 1320 | Total Reward: 7.00 | Rolling Avg Reward: 6.20 | Rolling Avg Loss: 2.2364
Episode 1330 | Total Reward: 6.00 | Rolling Avg Reward: 5.30 | Rolling Avg Loss: 0.6534
Episode 1340 | Total Reward: 8.00 | Rolling Avg Reward: 6.40 | Rolling Avg Loss: 0.8136
Episode 1350 | Total Reward: 2.00 | Rolling Avg Reward: 4.80 | Rolling Avg Loss: 0.3381
Episode 1360 | Total Reward: 6.00 | Rolling Avg Reward: 5.60 | Rolling Avg Loss: 1.9001
Episode 1370 | Total Reward: 1.00 | Rolling Avg Reward: 3.30 | Rolling Avg Loss: -0.6442
Episode 1380 | Total Reward: 9.00 | Rolling Avg Reward: 3.30 | Rolling Avg Loss: -0.1572
Episode 1390 | Total Reward: 1.00 | Rolling Avg Reward: 4.00 | Rolling Avg Loss: -1.8340
Episode 1400 | Total Reward: 6.00 | Rolling Avg Reward: 4.50 | Rolling Avg Loss: -1.6565
Episode 1410 | Total Reward: 4.00 | Rolling Avg Reward: 4.90 | Rolling Avg Loss: -3.3299
Episode 1420 | Total Reward: 6.00 | Rolling Avg Reward: 4.90 | Rolling Avg Loss: 0.1899
Episode 1430 | Total Reward: 6.00 | Rolling Avg Reward: 6.60 | Rolling Avg Loss: -0.7306
Episode 1440 | Total Reward: 11.00 | Rolling Avg Reward: 4.70 | Rolling Avg Loss: -3.0856
Episode 1450 | Total Reward: 4.00 | Rolling Avg Reward: 3.30 | Rolling Avg Loss: -3.0106
Episode 1460 | Total Reward: 3.00 | Rolling Avg Reward: 2.20 | Rolling Avg Loss: 4.5559
Episode 1470 | Total Reward: 2.00 | Rolling Avg Reward: 2.10 | Rolling Avg Loss: 3.7645
Episode 1480 | Total Reward: 2.00 | Rolling Avg Reward: 3.60 | Rolling Avg Loss: -0.0831
Episode 1490 | Total Reward: 3.00 | Rolling Avg Reward: 3.10 | Rolling Avg Loss: -0.4179
Episode 0 | Total Reward: 1.00 | Rolling Avg Reward: 1.00 | Rolling Avg Loss: 0.8470
Episode 10 | Total Reward: 2.00 | Rolling Avg Reward: 3.40 | Rolling Avg Loss: -0.6434
Episode 20 | Total Reward: 1.00 | Rolling Avg Reward: 2.40 | Rolling Avg Loss: 12.4032
Episode 30 | Total Reward: 2.00 | Rolling Avg Reward: 3.40 | Rolling Avg Loss: 0.7941
Episode 40 | Total Reward: 1.00 | Rolling Avg Reward: 4.40 | Rolling Avg Loss: 3.0694
Episode 50 | Total Reward: 1.00 | Rolling Avg Reward: 3.90 | Rolling Avg Loss: 1.0831
Episode 60 | Total Reward: 17.00 | Rolling Avg Reward: 5.50 | Rolling Avg Loss: 0.1064
Episode 70 | Total Reward: 5.00 | Rolling Avg Reward: 5.00 | Rolling Avg Loss: -0.7344
Episode 80 | Total Reward: 1.00 | Rolling Avg Reward: 2.90 | Rolling Avg Loss: -0.7236
Episode 90 | Total Reward: 1.00 | Rolling Avg Reward: 2.20 | Rolling Avg Loss: -5.8932
Episode 100 | Total Reward: 1.00 | Rolling Avg Reward: 1.80 | Rolling Avg Loss: 3.6270
Episode 110 | Total Reward: 2.00 | Rolling Avg Reward: 2.20 | Rolling Avg Loss: 5.4836
Episode 120 | Total Reward: 1.00 | Rolling Avg Reward: 2.70 | Rolling Avg Loss: 12.5606
Episode 130 | Total Reward: 2.00 | Rolling Avg Reward: 2.60 | Rolling Avg Loss: 4.1240
Episode 140 | Total Reward: 2.00 | Rolling Avg Reward: 2.70 | Rolling Avg Loss: 0.9051
Episode 150 | Total Reward: 2.00 | Rolling Avg Reward: 2.00 | Rolling Avg Loss: 2.8068
Episode 160 | Total Reward: 2.00 | Rolling Avg Reward: 2.30 | Rolling Avg Loss: 1.6369
Episode 170 | Total Reward: 1.00 | Rolling Avg Reward: 2.30 | Rolling Avg Loss: 1.9532
Episode 180 | Total Reward: 7.00 | Rolling Avg Reward: 4.20 | Rolling Avg Loss: 3.7943
Episode 190 | Total Reward: 7.00 | Rolling Avg Reward: 3.60 | Rolling Avg Loss: 3.1359
Episode 200 | Total Reward: 0.00 | Rolling Avg Reward: 6.10 | Rolling Avg Loss: 0.0832
Episode 210 | Total Reward: 5.00 | Rolling Avg Reward: 2.10 | Rolling Avg Loss: -0.4032
Episode 220 | Total Reward: 6.00 | Rolling Avg Reward: 5.10 | Rolling Avg Loss: -0.6172
Episode 230 | Total Reward: 3.00 | Rolling Avg Reward: 4.30 | Rolling Avg Loss: -0.8772
Episode 240 | Total Reward: 2.00 | Rolling Avg Reward: 2.20 | Rolling Avg Loss: 2.5674
Episode 250 | Total Reward: 2.00 | Rolling Avg Reward: 2.30 | Rolling Avg Loss: 3.6636
Episode 260 | Total Reward: 2.00 | Rolling Avg Reward: 1.90 | Rolling Avg Loss: 1.1227
Episode 270 | Total Reward: 2.00 | Rolling Avg Reward: 2.40 | Rolling Avg Loss: -0.2469
Episode 280 | Total Reward: 3.00 | Rolling Avg Reward: 2.30 | Rolling Avg Loss: -0.7266
Episode 290 | Total Reward: 2.00 | Rolling Avg Reward: 1.90 | Rolling Avg Loss: -1.6684
Episode 300 | Total Reward: 2.00 | Rolling Avg Reward: 2.40 | Rolling Avg Loss: 12.8093
Episode 310 | Total Reward: 3.00 | Rolling Avg Reward: 2.60 | Rolling Avg Loss: -3.4708
Episode 320 | Total Reward: 2.00 | Rolling Avg Reward: 3.30 | Rolling Avg Loss: 1.8577
Episode 330 | Total Reward: 2.00 | Rolling Avg Reward: 3.40 | Rolling Avg Loss: 1.3322
Episode 340 | Total Reward: 2.00 | Rolling Avg Reward: 2.50 | Rolling Avg Loss: 0.2858
Episode 350 | Total Reward: 2.00 | Rolling Avg Reward: 3.00 | Rolling Avg Loss: 4.1308
Episode 360 | Total Reward: 8.00 | Rolling Avg Reward: 3.20 | Rolling Avg Loss: -1.8541
Episode 370 | Total Reward: 8.00 | Rolling Avg Reward: 4.40 | Rolling Avg Loss: -1.9361
Episode 380 | Total Reward: 3.00 | Rolling Avg Reward: 5.10 | Rolling Avg Loss: 2.5678
Episode 390 | Total Reward: 5.00 | Rolling Avg Reward: 3.50 | Rolling Avg Loss: -1.1857
Episode 400 | Total Reward: 2.00 | Rolling Avg Reward: 4.40 | Rolling Avg Loss: -0.4335
Episode 410 | Total Reward: 8.00 | Rolling Avg Reward: 2.30 | Rolling Avg Loss: 2.2897
Episode 420 | Total Reward: 1.00 | Rolling Avg Reward: 2.90 | Rolling Avg Loss: 1.3407
Episode 430 | Total Reward: 1.00 | Rolling Avg Reward: 3.40 | Rolling Avg Loss: -2.8129
Episode 440 | Total Reward: 1.00 | Rolling Avg Reward: 1.40 | Rolling Avg Loss: -0.5853
Episode 450 | Total Reward: 0.00 | Rolling Avg Reward: 0.30 | Rolling Avg Loss: 0.2210
Episode 460 | Total Reward: 1.00 | Rolling Avg Reward: 1.00 | Rolling Avg Loss: -0.9496
Episode 470 | Total Reward: 1.00 | Rolling Avg Reward: 1.00 | Rolling Avg Loss: 0.0046
Episode 480 | Total Reward: 1.00 | Rolling Avg Reward: 0.80 | Rolling Avg Loss: 0.0027
Episode 490 | Total Reward: 1.00 | Rolling Avg Reward: 1.00 | Rolling Avg Loss: 0.0030
Episode 500 | Total Reward: 1.00 | Rolling Avg Reward: 1.60 | Rolling Avg Loss: 1.1736
Episode 510 | Total Reward: 1.00 | Rolling Avg Reward: 0.90 | Rolling Avg Loss: -0.3651
Episode 520 | Total Reward: 1.00 | Rolling Avg Reward: 0.80 | Rolling Avg Loss: 2.0812
Episode 530 | Total Reward: 1.00 | Rolling Avg Reward: 0.90 | Rolling Avg Loss: -0.5881
Episode 540 | Total Reward: 1.00 | Rolling Avg Reward: 1.30 | Rolling Avg Loss: -0.0568
Episode 550 | Total Reward: 1.00 | Rolling Avg Reward: 2.20 | Rolling Avg Loss: -1.1592
Episode 560 | Total Reward: 1.00 | Rolling Avg Reward: 0.90 | Rolling Avg Loss: -0.1055
Episode 570 | Total Reward: 0.00 | Rolling Avg Reward: 0.80 | Rolling Avg Loss: -0.3431
Episode 580 | Total Reward: 1.00 | Rolling Avg Reward: 0.90 | Rolling Avg Loss: -0.3820
Episode 590 | Total Reward: 1.00 | Rolling Avg Reward: 0.80 | Rolling Avg Loss: 0.0017
Episode 600 | Total Reward: 1.00 | Rolling Avg Reward: 1.00 | Rolling Avg Loss: 0.0019
Episode 610 | Total Reward: 1.00 | Rolling Avg Reward: 1.00 | Rolling Avg Loss: 0.0017
Episode 620 | Total Reward: 0.00 | Rolling Avg Reward: 1.50 | Rolling Avg Loss: 0.5015
Episode 630 | Total Reward: 1.00 | Rolling Avg Reward: 1.00 | Rolling Avg Loss: 0.0028
Episode 640 | Total Reward: 1.00 | Rolling Avg Reward: 1.00 | Rolling Avg Loss: 0.0029
Episode 650 | Total Reward: 0.00 | Rolling Avg Reward: 0.70 | Rolling Avg Loss: 0.0020
Episode 660 | Total Reward: 1.00 | Rolling Avg Reward: 1.00 | Rolling Avg Loss: 0.0026
Episode 670 | Total Reward: 1.00 | Rolling Avg Reward: 1.00 | Rolling Avg Loss: 0.0028
Episode 680 | Total Reward: 1.00 | Rolling Avg Reward: 1.00 | Rolling Avg Loss: 0.0030
Episode 690 | Total Reward: 1.00 | Rolling Avg Reward: 1.00 | Rolling Avg Loss: -0.4011
Episode 700 | Total Reward: 1.00 | Rolling Avg Reward: 1.00 | Rolling Avg Loss: 0.0017
Episode 710 | Total Reward: 1.00 | Rolling Avg Reward: 1.00 | Rolling Avg Loss: 0.0017
Episode 720 | Total Reward: 1.00 | Rolling Avg Reward: 1.00 | Rolling Avg Loss: 0.0014
Episode 730 | Total Reward: 1.00 | Rolling Avg Reward: 0.90 | Rolling Avg Loss: 0.0012
Episode 740 | Total Reward: 1.00 | Rolling Avg Reward: 0.90 | Rolling Avg Loss: 0.0012
Episode 750 | Total Reward: 1.00 | Rolling Avg Reward: 1.00 | Rolling Avg Loss: 0.0012
Episode 760 | Total Reward: 1.00 | Rolling Avg Reward: 1.00 | Rolling Avg Loss: -0.4480
Episode 770 | Total Reward: 1.00 | Rolling Avg Reward: 1.00 | Rolling Avg Loss: 0.0007
Episode 780 | Total Reward: 1.00 | Rolling Avg Reward: 1.00 | Rolling Avg Loss: 0.0006
Episode 790 | Total Reward: 1.00 | Rolling Avg Reward: 1.00 | Rolling Avg Loss: 0.0006
Episode 800 | Total Reward: 1.00 | Rolling Avg Reward: 1.00 | Rolling Avg Loss: 0.0005
Episode 810 | Total Reward: 1.00 | Rolling Avg Reward: 1.00 | Rolling Avg Loss: 0.0006
Episode 820 | Total Reward: 1.00 | Rolling Avg Reward: 1.00 | Rolling Avg Loss: 0.0005
Episode 830 | Total Reward: 1.00 | Rolling Avg Reward: 1.00 | Rolling Avg Loss: 0.0005
Episode 840 | Total Reward: 1.00 | Rolling Avg Reward: 1.00 | Rolling Avg Loss: 0.0006
Episode 850 | Total Reward: 1.00 | Rolling Avg Reward: 1.00 | Rolling Avg Loss: 0.0005
Episode 860 | Total Reward: 1.00 | Rolling Avg Reward: 1.00 | Rolling Avg Loss: 0.0005
Episode 870 | Total Reward: 1.00 | Rolling Avg Reward: 1.00 | Rolling Avg Loss: 0.0006
Episode 880 | Total Reward: 1.00 | Rolling Avg Reward: 1.00 | Rolling Avg Loss: 0.0004
Episode 890 | Total Reward: 1.00 | Rolling Avg Reward: 1.00 | Rolling Avg Loss: 0.0004
Episode 900 | Total Reward: 1.00 | Rolling Avg Reward: 1.00 | Rolling Avg Loss: 0.0005
Episode 910 | Total Reward: 1.00 | Rolling Avg Reward: 1.00 | Rolling Avg Loss: 0.0006
Episode 920 | Total Reward: 1.00 | Rolling Avg Reward: 1.00 | Rolling Avg Loss: 0.0005
Episode 930 | Total Reward: 1.00 | Rolling Avg Reward: 1.00 | Rolling Avg Loss: 0.0005
Episode 940 | Total Reward: 1.00 | Rolling Avg Reward: 1.00 | Rolling Avg Loss: 0.0005
Episode 950 | Total Reward: 1.00 | Rolling Avg Reward: 1.00 | Rolling Avg Loss: -0.4680
Episode 960 | Total Reward: 1.00 | Rolling Avg Reward: 1.00 | Rolling Avg Loss: 0.0003
Episode 970 | Total Reward: 1.00 | Rolling Avg Reward: 1.00 | Rolling Avg Loss: 0.0002
Episode 980 | Total Reward: 1.00 | Rolling Avg Reward: 1.00 | Rolling Avg Loss: 0.0002
Episode 990 | Total Reward: 1.00 | Rolling Avg Reward: 1.00 | Rolling Avg Loss: 0.0002
Episode 1000 | Total Reward: 1.00 | Rolling Avg Reward: 1.00 | Rolling Avg Loss: 0.0001
Episode 1010 | Total Reward: 1.00 | Rolling Avg Reward: 1.00 | Rolling Avg Loss: 0.0002
Episode 1020 | Total Reward: 1.00 | Rolling Avg Reward: 0.90 | Rolling Avg Loss: 0.0001
Episode 1030 | Total Reward: 1.00 | Rolling Avg Reward: 1.00 | Rolling Avg Loss: 0.0001
Episode 1040 | Total Reward: 1.00 | Rolling Avg Reward: 1.00 | Rolling Avg Loss: 0.0001
Episode 1050 | Total Reward: 1.00 | Rolling Avg Reward: 1.00 | Rolling Avg Loss: 0.0001
Episode 1060 | Total Reward: 1.00 | Rolling Avg Reward: 1.00 | Rolling Avg Loss: 0.0002
Episode 1070 | Total Reward: 1.00 | Rolling Avg Reward: 1.00 | Rolling Avg Loss: 0.0002
Episode 1080 | Total Reward: 1.00 | Rolling Avg Reward: 1.00 | Rolling Avg Loss: 0.0002
Episode 1090 | Total Reward: 1.00 | Rolling Avg Reward: 1.00 | Rolling Avg Loss: 0.0002
Episode 1100 | Total Reward: 1.00 | Rolling Avg Reward: 1.00 | Rolling Avg Loss: 0.0002
Episode 1110 | Total Reward: 1.00 | Rolling Avg Reward: 1.00 | Rolling Avg Loss: 0.0001
Episode 1120 | Total Reward: 1.00 | Rolling Avg Reward: 0.90 | Rolling Avg Loss: 0.0002
Episode 1130 | Total Reward: 1.00 | Rolling Avg Reward: 1.00 | Rolling Avg Loss: 0.0002
Episode 1140 | Total Reward: 1.00 | Rolling Avg Reward: 1.00 | Rolling Avg Loss: 0.0002
Episode 1150 | Total Reward: 1.00 | Rolling Avg Reward: 1.00 | Rolling Avg Loss: 0.0002
Episode 1160 | Total Reward: 1.00 | Rolling Avg Reward: 1.00 | Rolling Avg Loss: 0.0001
Episode 1170 | Total Reward: 1.00 | Rolling Avg Reward: 1.00 | Rolling Avg Loss: 0.0002
Episode 1180 | Total Reward: 1.00 | Rolling Avg Reward: 1.00 | Rolling Avg Loss: 0.0002
Episode 1190 | Total Reward: 1.00 | Rolling Avg Reward: 1.00 | Rolling Avg Loss: 0.0002
Episode 1200 | Total Reward: 1.00 | Rolling Avg Reward: 1.00 | Rolling Avg Loss: 0.0002
Episode 1210 | Total Reward: 1.00 | Rolling Avg Reward: 1.00 | Rolling Avg Loss: 0.0002
Episode 1220 | Total Reward: 1.00 | Rolling Avg Reward: 1.00 | Rolling Avg Loss: 0.0001
Episode 1230 | Total Reward: 1.00 | Rolling Avg Reward: 1.00 | Rolling Avg Loss: 0.0001
Episode 1240 | Total Reward: 1.00 | Rolling Avg Reward: 1.00 | Rolling Avg Loss: 0.0002
Episode 1250 | Total Reward: 1.00 | Rolling Avg Reward: 1.00 | Rolling Avg Loss: 0.0001
Episode 1260 | Total Reward: 1.00 | Rolling Avg Reward: 1.00 | Rolling Avg Loss: 0.0001
Episode 1270 | Total Reward: 1.00 | Rolling Avg Reward: 1.00 | Rolling Avg Loss: 0.0002
Episode 1280 | Total Reward: 1.00 | Rolling Avg Reward: 1.00 | Rolling Avg Loss: 0.0001
Episode 1290 | Total Reward: 1.00 | Rolling Avg Reward: 1.00 | Rolling Avg Loss: 0.0002
Episode 1300 | Total Reward: 1.00 | Rolling Avg Reward: 1.00 | Rolling Avg Loss: 0.0001
Episode 1310 | Total Reward: 1.00 | Rolling Avg Reward: 1.00 | Rolling Avg Loss: 0.0002
Episode 1320 | Total Reward: 1.00 | Rolling Avg Reward: 0.90 | Rolling Avg Loss: 0.0001
Episode 1330 | Total Reward: 1.00 | Rolling Avg Reward: 1.00 | Rolling Avg Loss: 0.0002
Episode 1340 | Total Reward: 1.00 | Rolling Avg Reward: 1.00 | Rolling Avg Loss: 0.0001
Episode 1350 | Total Reward: 1.00 | Rolling Avg Reward: 1.00 | Rolling Avg Loss: 0.0001
Episode 1360 | Total Reward: 1.00 | Rolling Avg Reward: 1.00 | Rolling Avg Loss: 0.0001
Episode 1370 | Total Reward: 1.00 | Rolling Avg Reward: 1.00 | Rolling Avg Loss: 0.0001
Episode 1380 | Total Reward: 1.00 | Rolling Avg Reward: 1.00 | Rolling Avg Loss: 0.0002
Episode 1390 | Total Reward: 1.00 | Rolling Avg Reward: 1.00 | Rolling Avg Loss: 0.0002
Episode 1400 | Total Reward: 1.00 | Rolling Avg Reward: 1.00 | Rolling Avg Loss: 0.0001
Episode 1410 | Total Reward: 1.00 | Rolling Avg Reward: 1.00 | Rolling Avg Loss: 0.0001
Episode 1420 | Total Reward: 1.00 | Rolling Avg Reward: 1.00 | Rolling Avg Loss: 0.0001
Episode 1430 | Total Reward: 1.00 | Rolling Avg Reward: 0.90 | Rolling Avg Loss: 0.0001
Episode 1440 | Total Reward: 1.00 | Rolling Avg Reward: 1.00 | Rolling Avg Loss: 0.0001
Episode 1450 | Total Reward: 1.00 | Rolling Avg Reward: 1.00 | Rolling Avg Loss: 0.0001
Episode 1460 | Total Reward: 1.00 | Rolling Avg Reward: 1.00 | Rolling Avg Loss: 0.0001
Episode 1470 | Total Reward: 1.00 | Rolling Avg Reward: 1.00 | Rolling Avg Loss: 0.0002
Episode 1480 | Total Reward: 1.00 | Rolling Avg Reward: 1.00 | Rolling Avg Loss: 0.0001
Episode 1490 | Total Reward: 1.00 | Rolling Avg Reward: 1.00 | Rolling Avg Loss: 0.0001
Episode 0 | Total Reward: 1.00 | Rolling Avg Reward: 1.00 | Rolling Avg Loss: -0.0770
Episode 10 | Total Reward: 4.00 | Rolling Avg Reward: 3.50 | Rolling Avg Loss: 16.4895
Episode 20 | Total Reward: 3.00 | Rolling Avg Reward: 2.90 | Rolling Avg Loss: 1.9579
Episode 30 | Total Reward: 1.00 | Rolling Avg Reward: 3.10 | Rolling Avg Loss: 2.7041
Episode 40 | Total Reward: 3.00 | Rolling Avg Reward: 3.00 | Rolling Avg Loss: -4.6758
Episode 50 | Total Reward: 1.00 | Rolling Avg Reward: 0.90 | Rolling Avg Loss: 0.0009
Episode 60 | Total Reward: 1.00 | Rolling Avg Reward: 1.00 | Rolling Avg Loss: -0.0000
Episode 70 | Total Reward: 1.00 | Rolling Avg Reward: 1.00 | Rolling Avg Loss: -0.0000
Episode 80 | Total Reward: 1.00 | Rolling Avg Reward: 1.00 | Rolling Avg Loss: -0.0000
Episode 90 | Total Reward: 1.00 | Rolling Avg Reward: 1.00 | Rolling Avg Loss: -0.0000
Episode 100 | Total Reward: 1.00 | Rolling Avg Reward: 1.00 | Rolling Avg Loss: -0.0000
Episode 110 | Total Reward: 1.00 | Rolling Avg Reward: 1.00 | Rolling Avg Loss: -0.0000
Episode 120 | Total Reward: 1.00 | Rolling Avg Reward: 1.00 | Rolling Avg Loss: -0.0000
Episode 130 | Total Reward: 1.00 | Rolling Avg Reward: 1.00 | Rolling Avg Loss: -0.0000
Episode 140 | Total Reward: 1.00 | Rolling Avg Reward: 1.00 | Rolling Avg Loss: -0.0000
Episode 150 | Total Reward: 1.00 | Rolling Avg Reward: 1.00 | Rolling Avg Loss: -0.0000
Episode 160 | Total Reward: 1.00 | Rolling Avg Reward: 1.00 | Rolling Avg Loss: -0.0000
Episode 170 | Total Reward: 1.00 | Rolling Avg Reward: 1.00 | Rolling Avg Loss: -0.0000
Episode 180 | Total Reward: 1.00 | Rolling Avg Reward: 1.00 | Rolling Avg Loss: -0.0000
Episode 190 | Total Reward: 1.00 | Rolling Avg Reward: 1.00 | Rolling Avg Loss: -0.0000
Episode 200 | Total Reward: 1.00 | Rolling Avg Reward: 1.00 | Rolling Avg Loss: -0.0000
Episode 210 | Total Reward: 1.00 | Rolling Avg Reward: 1.00 | Rolling Avg Loss: -0.0000
Episode 220 | Total Reward: 1.00 | Rolling Avg Reward: 1.00 | Rolling Avg Loss: -0.0000
Episode 230 | Total Reward: 1.00 | Rolling Avg Reward: 1.00 | Rolling Avg Loss: -0.0000
Episode 240 | Total Reward: 1.00 | Rolling Avg Reward: 1.00 | Rolling Avg Loss: -0.0000
Episode 250 | Total Reward: 1.00 | Rolling Avg Reward: 1.00 | Rolling Avg Loss: -0.0000
Episode 260 | Total Reward: 1.00 | Rolling Avg Reward: 1.00 | Rolling Avg Loss: -0.0000
Episode 270 | Total Reward: 1.00 | Rolling Avg Reward: 1.00 | Rolling Avg Loss: -0.0000
Episode 280 | Total Reward: 1.00 | Rolling Avg Reward: 1.00 | Rolling Avg Loss: -0.0000
Episode 290 | Total Reward: 1.00 | Rolling Avg Reward: 1.00 | Rolling Avg Loss: -0.0000
Episode 300 | Total Reward: 1.00 | Rolling Avg Reward: 1.00 | Rolling Avg Loss: -0.0000
Episode 310 | Total Reward: 1.00 | Rolling Avg Reward: 1.00 | Rolling Avg Loss: -0.0000
Episode 320 | Total Reward: 1.00 | Rolling Avg Reward: 1.00 | Rolling Avg Loss: -0.0000
Episode 330 | Total Reward: 1.00 | Rolling Avg Reward: 1.00 | Rolling Avg Loss: -0.0000
Episode 340 | Total Reward: 1.00 | Rolling Avg Reward: 1.00 | Rolling Avg Loss: -0.0000
Episode 350 | Total Reward: 1.00 | Rolling Avg Reward: 1.00 | Rolling Avg Loss: -0.0000
Episode 360 | Total Reward: 1.00 | Rolling Avg Reward: 1.00 | Rolling Avg Loss: -0.0000
Episode 370 | Total Reward: 1.00 | Rolling Avg Reward: 1.00 | Rolling Avg Loss: -0.0000
Episode 380 | Total Reward: 1.00 | Rolling Avg Reward: 1.00 | Rolling Avg Loss: -0.0000
Episode 390 | Total Reward: 1.00 | Rolling Avg Reward: 1.00 | Rolling Avg Loss: -0.0000
Episode 400 | Total Reward: 1.00 | Rolling Avg Reward: 1.00 | Rolling Avg Loss: -0.0000
Episode 410 | Total Reward: 1.00 | Rolling Avg Reward: 1.00 | Rolling Avg Loss: -0.0000
Episode 420 | Total Reward: 1.00 | Rolling Avg Reward: 1.00 | Rolling Avg Loss: -0.0000
Episode 430 | Total Reward: 1.00 | Rolling Avg Reward: 1.00 | Rolling Avg Loss: -0.0000
Episode 440 | Total Reward: 1.00 | Rolling Avg Reward: 1.00 | Rolling Avg Loss: -0.0000
Episode 450 | Total Reward: 1.00 | Rolling Avg Reward: 1.00 | Rolling Avg Loss: -0.0000
Episode 460 | Total Reward: 1.00 | Rolling Avg Reward: 1.00 | Rolling Avg Loss: -0.0000
Episode 470 | Total Reward: 1.00 | Rolling Avg Reward: 1.00 | Rolling Avg Loss: -0.0000
Episode 480 | Total Reward: 1.00 | Rolling Avg Reward: 1.00 | Rolling Avg Loss: -0.0000
Episode 490 | Total Reward: 1.00 | Rolling Avg Reward: 1.00 | Rolling Avg Loss: -0.0000
Episode 500 | Total Reward: 1.00 | Rolling Avg Reward: 1.00 | Rolling Avg Loss: -0.0000
Episode 510 | Total Reward: 1.00 | Rolling Avg Reward: 1.00 | Rolling Avg Loss: -0.0000
Episode 520 | Total Reward: 1.00 | Rolling Avg Reward: 1.00 | Rolling Avg Loss: -0.0000
Episode 530 | Total Reward: 1.00 | Rolling Avg Reward: 1.00 | Rolling Avg Loss: -0.0000
Episode 540 | Total Reward: 1.00 | Rolling Avg Reward: 1.00 | Rolling Avg Loss: -0.0000
Episode 550 | Total Reward: 1.00 | Rolling Avg Reward: 1.00 | Rolling Avg Loss: -0.0000
Episode 560 | Total Reward: 1.00 | Rolling Avg Reward: 1.00 | Rolling Avg Loss: -0.0000
Episode 570 | Total Reward: 1.00 | Rolling Avg Reward: 1.00 | Rolling Avg Loss: -0.0000
Episode 580 | Total Reward: 1.00 | Rolling Avg Reward: 1.00 | Rolling Avg Loss: -0.0000
Episode 590 | Total Reward: 1.00 | Rolling Avg Reward: 1.00 | Rolling Avg Loss: -0.0000
Episode 600 | Total Reward: 1.00 | Rolling Avg Reward: 1.00 | Rolling Avg Loss: -0.0000
Episode 610 | Total Reward: 1.00 | Rolling Avg Reward: 1.00 | Rolling Avg Loss: -0.0000
Episode 620 | Total Reward: 1.00 | Rolling Avg Reward: 1.00 | Rolling Avg Loss: -0.0000
Episode 630 | Total Reward: 1.00 | Rolling Avg Reward: 1.00 | Rolling Avg Loss: -0.0000
Episode 640 | Total Reward: 1.00 | Rolling Avg Reward: 1.00 | Rolling Avg Loss: -0.0000
Episode 650 | Total Reward: 1.00 | Rolling Avg Reward: 1.00 | Rolling Avg Loss: -0.0000
Episode 660 | Total Reward: 1.00 | Rolling Avg Reward: 1.00 | Rolling Avg Loss: -0.0000
Episode 670 | Total Reward: 1.00 | Rolling Avg Reward: 1.00 | Rolling Avg Loss: -0.0000
Episode 680 | Total Reward: 1.00 | Rolling Avg Reward: 1.00 | Rolling Avg Loss: -0.0000
Episode 690 | Total Reward: 1.00 | Rolling Avg Reward: 1.00 | Rolling Avg Loss: -0.0000
Episode 700 | Total Reward: 1.00 | Rolling Avg Reward: 1.00 | Rolling Avg Loss: -0.0000
Episode 710 | Total Reward: 1.00 | Rolling Avg Reward: 1.00 | Rolling Avg Loss: -0.0000
Episode 720 | Total Reward: 1.00 | Rolling Avg Reward: 1.00 | Rolling Avg Loss: -0.0000
Episode 730 | Total Reward: 1.00 | Rolling Avg Reward: 1.00 | Rolling Avg Loss: -0.0000
Episode 740 | Total Reward: 1.00 | Rolling Avg Reward: 1.00 | Rolling Avg Loss: -0.0000
Episode 750 | Total Reward: 1.00 | Rolling Avg Reward: 1.00 | Rolling Avg Loss: -0.0000
Episode 760 | Total Reward: 1.00 | Rolling Avg Reward: 1.00 | Rolling Avg Loss: -0.0000
Episode 770 | Total Reward: 1.00 | Rolling Avg Reward: 1.00 | Rolling Avg Loss: -0.0000
Episode 780 | Total Reward: 1.00 | Rolling Avg Reward: 1.00 | Rolling Avg Loss: -0.0000
Episode 790 | Total Reward: 1.00 | Rolling Avg Reward: 1.00 | Rolling Avg Loss: -0.0000
Episode 800 | Total Reward: 1.00 | Rolling Avg Reward: 1.00 | Rolling Avg Loss: -0.0000
Episode 810 | Total Reward: 1.00 | Rolling Avg Reward: 1.00 | Rolling Avg Loss: -0.0000
Episode 820 | Total Reward: 1.00 | Rolling Avg Reward: 1.00 | Rolling Avg Loss: -0.0000
Episode 830 | Total Reward: 1.00 | Rolling Avg Reward: 1.00 | Rolling Avg Loss: -0.0000
Episode 840 | Total Reward: 1.00 | Rolling Avg Reward: 1.00 | Rolling Avg Loss: -0.0000
Episode 850 | Total Reward: 1.00 | Rolling Avg Reward: 1.00 | Rolling Avg Loss: -0.0000
Episode 860 | Total Reward: 1.00 | Rolling Avg Reward: 1.00 | Rolling Avg Loss: -0.0000
Episode 870 | Total Reward: 1.00 | Rolling Avg Reward: 1.00 | Rolling Avg Loss: -0.0000
Episode 880 | Total Reward: 1.00 | Rolling Avg Reward: 1.00 | Rolling Avg Loss: -0.0000
Episode 890 | Total Reward: 1.00 | Rolling Avg Reward: 1.00 | Rolling Avg Loss: -0.0000
Episode 900 | Total Reward: 1.00 | Rolling Avg Reward: 1.00 | Rolling Avg Loss: -0.0000
Episode 910 | Total Reward: 1.00 | Rolling Avg Reward: 1.00 | Rolling Avg Loss: -0.0000
Episode 920 | Total Reward: 1.00 | Rolling Avg Reward: 1.00 | Rolling Avg Loss: -0.0000
Episode 930 | Total Reward: 1.00 | Rolling Avg Reward: 1.00 | Rolling Avg Loss: -0.0000
Episode 940 | Total Reward: 1.00 | Rolling Avg Reward: 1.00 | Rolling Avg Loss: -0.0000
Episode 950 | Total Reward: 1.00 | Rolling Avg Reward: 1.00 | Rolling Avg Loss: -0.0000
Episode 960 | Total Reward: 1.00 | Rolling Avg Reward: 1.00 | Rolling Avg Loss: -0.0000
Episode 970 | Total Reward: 1.00 | Rolling Avg Reward: 1.00 | Rolling Avg Loss: -0.0000
Episode 980 | Total Reward: 1.00 | Rolling Avg Reward: 1.00 | Rolling Avg Loss: -0.0000
Episode 990 | Total Reward: 1.00 | Rolling Avg Reward: 1.00 | Rolling Avg Loss: -0.0000
Episode 1000 | Total Reward: 1.00 | Rolling Avg Reward: 1.00 | Rolling Avg Loss: -0.0000
Episode 1010 | Total Reward: 1.00 | Rolling Avg Reward: 1.00 | Rolling Avg Loss: -0.0000
Episode 1020 | Total Reward: 1.00 | Rolling Avg Reward: 1.00 | Rolling Avg Loss: -0.0000
Episode 1030 | Total Reward: 1.00 | Rolling Avg Reward: 1.00 | Rolling Avg Loss: -0.0000
Episode 1040 | Total Reward: 1.00 | Rolling Avg Reward: 1.00 | Rolling Avg Loss: -0.0000
Episode 1050 | Total Reward: 1.00 | Rolling Avg Reward: 1.00 | Rolling Avg Loss: -0.0000
Episode 1060 | Total Reward: 1.00 | Rolling Avg Reward: 1.00 | Rolling Avg Loss: -0.0000
Episode 1070 | Total Reward: 1.00 | Rolling Avg Reward: 1.00 | Rolling Avg Loss: -0.0000
Episode 1080 | Total Reward: 1.00 | Rolling Avg Reward: 1.00 | Rolling Avg Loss: -0.0000
Episode 1090 | Total Reward: 1.00 | Rolling Avg Reward: 1.00 | Rolling Avg Loss: -0.0000
Episode 1100 | Total Reward: 1.00 | Rolling Avg Reward: 1.00 | Rolling Avg Loss: -0.0000
Episode 1110 | Total Reward: 1.00 | Rolling Avg Reward: 1.00 | Rolling Avg Loss: -0.0000
Episode 1120 | Total Reward: 1.00 | Rolling Avg Reward: 1.00 | Rolling Avg Loss: -0.0000
Episode 1130 | Total Reward: 1.00 | Rolling Avg Reward: 1.00 | Rolling Avg Loss: -0.0000
Episode 1140 | Total Reward: 1.00 | Rolling Avg Reward: 1.00 | Rolling Avg Loss: -0.0000
Episode 1150 | Total Reward: 1.00 | Rolling Avg Reward: 1.00 | Rolling Avg Loss: -0.0000
Episode 1160 | Total Reward: 1.00 | Rolling Avg Reward: 1.00 | Rolling Avg Loss: -0.0000
Episode 1170 | Total Reward: 1.00 | Rolling Avg Reward: 1.00 | Rolling Avg Loss: -0.0000
Episode 1180 | Total Reward: 1.00 | Rolling Avg Reward: 1.00 | Rolling Avg Loss: -0.0000
Episode 1190 | Total Reward: 1.00 | Rolling Avg Reward: 1.00 | Rolling Avg Loss: -0.0000
Episode 1200 | Total Reward: 1.00 | Rolling Avg Reward: 1.00 | Rolling Avg Loss: -0.0000
Episode 1210 | Total Reward: 1.00 | Rolling Avg Reward: 1.00 | Rolling Avg Loss: -0.0000
Episode 1220 | Total Reward: 1.00 | Rolling Avg Reward: 1.00 | Rolling Avg Loss: -0.0000
Episode 1230 | Total Reward: 1.00 | Rolling Avg Reward: 1.00 | Rolling Avg Loss: -0.0000
Episode 1240 | Total Reward: 1.00 | Rolling Avg Reward: 1.00 | Rolling Avg Loss: -0.0000
Episode 1250 | Total Reward: 1.00 | Rolling Avg Reward: 1.00 | Rolling Avg Loss: -0.0000
Episode 1260 | Total Reward: 1.00 | Rolling Avg Reward: 1.00 | Rolling Avg Loss: -0.0000
Episode 1270 | Total Reward: 1.00 | Rolling Avg Reward: 1.00 | Rolling Avg Loss: -0.0000
Episode 1280 | Total Reward: 1.00 | Rolling Avg Reward: 1.00 | Rolling Avg Loss: -0.0000
Episode 1290 | Total Reward: 1.00 | Rolling Avg Reward: 1.00 | Rolling Avg Loss: -0.0000
Episode 1300 | Total Reward: 1.00 | Rolling Avg Reward: 1.00 | Rolling Avg Loss: -0.0000
Episode 1310 | Total Reward: 1.00 | Rolling Avg Reward: 1.00 | Rolling Avg Loss: -0.0000
Episode 1320 | Total Reward: 1.00 | Rolling Avg Reward: 1.00 | Rolling Avg Loss: -0.0000
Episode 1330 | Total Reward: 1.00 | Rolling Avg Reward: 1.00 | Rolling Avg Loss: -0.0000
Episode 1340 | Total Reward: 1.00 | Rolling Avg Reward: 1.00 | Rolling Avg Loss: -0.0000
Episode 1350 | Total Reward: 1.00 | Rolling Avg Reward: 1.00 | Rolling Avg Loss: -0.0000
Episode 1360 | Total Reward: 1.00 | Rolling Avg Reward: 1.00 | Rolling Avg Loss: -0.0000
Episode 1370 | Total Reward: 1.00 | Rolling Avg Reward: 1.00 | Rolling Avg Loss: -0.0000
Episode 1380 | Total Reward: 1.00 | Rolling Avg Reward: 1.00 | Rolling Avg Loss: -0.0000
Episode 1390 | Total Reward: 1.00 | Rolling Avg Reward: 1.00 | Rolling Avg Loss: -0.0000
Episode 1400 | Total Reward: 1.00 | Rolling Avg Reward: 1.00 | Rolling Avg Loss: -0.0000
Episode 1410 | Total Reward: 1.00 | Rolling Avg Reward: 1.00 | Rolling Avg Loss: -0.0000
Episode 1420 | Total Reward: 1.00 | Rolling Avg Reward: 1.00 | Rolling Avg Loss: -0.0000
Episode 1430 | Total Reward: 1.00 | Rolling Avg Reward: 1.00 | Rolling Avg Loss: -0.0000
Episode 1440 | Total Reward: 1.00 | Rolling Avg Reward: 1.00 | Rolling Avg Loss: -0.0000
Episode 1450 | Total Reward: 1.00 | Rolling Avg Reward: 1.00 | Rolling Avg Loss: -0.0000
Episode 1460 | Total Reward: 1.00 | Rolling Avg Reward: 1.00 | Rolling Avg Loss: -0.0000
Episode 1470 | Total Reward: 1.00 | Rolling Avg Reward: 1.00 | Rolling Avg Loss: -0.0000
Episode 1480 | Total Reward: 1.00 | Rolling Avg Reward: 1.00 | Rolling Avg Loss: -0.0000
Episode 1490 | Total Reward: 1.00 | Rolling Avg Reward: 1.00 | Rolling Avg Loss: -0.0000
Episode 0 | Total Reward: 0.00 | Rolling Avg Reward: 0.00 | Rolling Avg Loss: 0.0000
Episode 10 | Total Reward: 0.00 | Rolling Avg Reward: 1.60 | Rolling Avg Loss: 0.3368
Episode 20 | Total Reward: 0.00 | Rolling Avg Reward: 0.00 | Rolling Avg Loss: 0.0000
Episode 30 | Total Reward: 0.00 | Rolling Avg Reward: 0.10 | Rolling Avg Loss: 2.4666
Episode 40 | Total Reward: 0.00 | Rolling Avg Reward: 0.00 | Rolling Avg Loss: 0.0000
Episode 50 | Total Reward: 0.00 | Rolling Avg Reward: 0.00 | Rolling Avg Loss: 0.0000
Episode 60 | Total Reward: 1.00 | Rolling Avg Reward: 0.60 | Rolling Avg Loss: 0.4507
Episode 70 | Total Reward: 2.00 | Rolling Avg Reward: 5.20 | Rolling Avg Loss: 4.9706
Episode 80 | Total Reward: 2.00 | Rolling Avg Reward: 4.70 | Rolling Avg Loss: 0.7527
Episode 90 | Total Reward: 2.00 | Rolling Avg Reward: 2.50 | Rolling Avg Loss: -0.9755
Episode 100 | Total Reward: 2.00 | Rolling Avg Reward: 2.40 | Rolling Avg Loss: 28.1561
Episode 110 | Total Reward: 4.00 | Rolling Avg Reward: 3.30 | Rolling Avg Loss: 0.5044
Episode 120 | Total Reward: 11.00 | Rolling Avg Reward: 3.70 | Rolling Avg Loss: 5.6688
Episode 130 | Total Reward: 4.00 | Rolling Avg Reward: 3.90 | Rolling Avg Loss: 1.7574
Episode 140 | Total Reward: 4.00 | Rolling Avg Reward: 4.90 | Rolling Avg Loss: -1.1808
Episode 150 | Total Reward: 6.00 | Rolling Avg Reward: 6.20 | Rolling Avg Loss: 0.8902
Episode 160 | Total Reward: 0.00 | Rolling Avg Reward: 3.90 | Rolling Avg Loss: -0.5723
Episode 170 | Total Reward: 8.00 | Rolling Avg Reward: 4.40 | Rolling Avg Loss: -2.4426
Episode 180 | Total Reward: 1.00 | Rolling Avg Reward: 3.50 | Rolling Avg Loss: -0.5857
Episode 190 | Total Reward: 6.00 | Rolling Avg Reward: 3.10 | Rolling Avg Loss: 5.3126
Episode 200 | Total Reward: 5.00 | Rolling Avg Reward: 3.50 | Rolling Avg Loss: 1.9043
Episode 210 | Total Reward: 6.00 | Rolling Avg Reward: 5.10 | Rolling Avg Loss: 0.3406
Episode 220 | Total Reward: 7.00 | Rolling Avg Reward: 6.00 | Rolling Avg Loss: 1.3817
Episode 230 | Total Reward: 2.00 | Rolling Avg Reward: 2.60 | Rolling Avg Loss: -0.2677
Episode 240 | Total Reward: 0.00 | Rolling Avg Reward: 2.90 | Rolling Avg Loss: 0.5719
Episode 250 | Total Reward: 7.00 | Rolling Avg Reward: 2.60 | Rolling Avg Loss: -1.3897
Episode 260 | Total Reward: 1.00 | Rolling Avg Reward: 5.80 | Rolling Avg Loss: 0.2599
Episode 270 | Total Reward: 0.00 | Rolling Avg Reward: 2.90 | Rolling Avg Loss: 0.0276
Episode 280 | Total Reward: 13.00 | Rolling Avg Reward: 6.00 | Rolling Avg Loss: -0.0930
Episode 290 | Total Reward: 2.00 | Rolling Avg Reward: 5.10 | Rolling Avg Loss: 1.0451
Episode 300 | Total Reward: 4.00 | Rolling Avg Reward: 5.40 | Rolling Avg Loss: -2.0423
Episode 310 | Total Reward: 10.00 | Rolling Avg Reward: 5.80 | Rolling Avg Loss: 5.4897
Episode 320 | Total Reward: 23.00 | Rolling Avg Reward: 6.30 | Rolling Avg Loss: -2.0620
Episode 330 | Total Reward: 5.00 | Rolling Avg Reward: 4.70 | Rolling Avg Loss: 0.3744
Episode 340 | Total Reward: 4.00 | Rolling Avg Reward: 4.00 | Rolling Avg Loss: -0.7897
Episode 350 | Total Reward: 9.00 | Rolling Avg Reward: 5.40 | Rolling Avg Loss: 0.2975
Episode 360 | Total Reward: 2.00 | Rolling Avg Reward: 4.10 | Rolling Avg Loss: 0.4203
Episode 370 | Total Reward: 5.00 | Rolling Avg Reward: 5.10 | Rolling Avg Loss: 0.2640
Episode 380 | Total Reward: 2.00 | Rolling Avg Reward: 6.50 | Rolling Avg Loss: -1.5722
Episode 390 | Total Reward: 11.00 | Rolling Avg Reward: 5.90 | Rolling Avg Loss: 2.4530
Episode 400 | Total Reward: 3.00 | Rolling Avg Reward: 4.70 | Rolling Avg Loss: 0.3882
Episode 410 | Total Reward: 6.00 | Rolling Avg Reward: 6.10 | Rolling Avg Loss: 1.9212
Episode 420 | Total Reward: 2.00 | Rolling Avg Reward: 4.10 | Rolling Avg Loss: -2.2782
Episode 430 | Total Reward: 8.00 | Rolling Avg Reward: 5.40 | Rolling Avg Loss: -2.2022
Episode 440 | Total Reward: 4.00 | Rolling Avg Reward: 4.30 | Rolling Avg Loss: 5.0583
Episode 450 | Total Reward: 4.00 | Rolling Avg Reward: 3.70 | Rolling Avg Loss: 2.4730
Episode 460 | Total Reward: 1.00 | Rolling Avg Reward: 5.20 | Rolling Avg Loss: 0.6720
Episode 470 | Total Reward: 3.00 | Rolling Avg Reward: 4.10 | Rolling Avg Loss: -1.9087
Episode 480 | Total Reward: 3.00 | Rolling Avg Reward: 6.20 | Rolling Avg Loss: 6.3461
Episode 490 | Total Reward: 5.00 | Rolling Avg Reward: 4.80 | Rolling Avg Loss: -2.4769
Episode 500 | Total Reward: 3.00 | Rolling Avg Reward: 5.50 | Rolling Avg Loss: -1.2583
Episode 510 | Total Reward: 3.00 | Rolling Avg Reward: 3.60 | Rolling Avg Loss: 5.7932
Episode 520 | Total Reward: 9.00 | Rolling Avg Reward: 6.60 | Rolling Avg Loss: -5.3549
Episode 530 | Total Reward: 9.00 | Rolling Avg Reward: 4.30 | Rolling Avg Loss: 4.9189
Episode 540 | Total Reward: 5.00 | Rolling Avg Reward: 5.00 | Rolling Avg Loss: 6.6411
Episode 550 | Total Reward: 2.00 | Rolling Avg Reward: 5.40 | Rolling Avg Loss: 0.6433
Episode 560 | Total Reward: 3.00 | Rolling Avg Reward: 3.30 | Rolling Avg Loss: -2.5091
Episode 570 | Total Reward: 3.00 | Rolling Avg Reward: 4.80 | Rolling Avg Loss: 2.4314
Episode 580 | Total Reward: 1.00 | Rolling Avg Reward: 3.70 | Rolling Avg Loss: -0.3039
Episode 590 | Total Reward: 2.00 | Rolling Avg Reward: 4.20 | Rolling Avg Loss: -2.4182
Episode 600 | Total Reward: 5.00 | Rolling Avg Reward: 3.50 | Rolling Avg Loss: -3.2713
Episode 610 | Total Reward: 10.00 | Rolling Avg Reward: 7.20 | Rolling Avg Loss: -1.1937
Episode 620 | Total Reward: 9.00 | Rolling Avg Reward: 6.80 | Rolling Avg Loss: 2.9966
Episode 630 | Total Reward: 3.00 | Rolling Avg Reward: 8.60 | Rolling Avg Loss: 1.3469
Episode 640 | Total Reward: 15.00 | Rolling Avg Reward: 7.70 | Rolling Avg Loss: 4.3841
Episode 650 | Total Reward: 2.00 | Rolling Avg Reward: 6.30 | Rolling Avg Loss: 1.3173
Episode 660 | Total Reward: 9.00 | Rolling Avg Reward: 6.30 | Rolling Avg Loss: 0.0837
Episode 670 | Total Reward: 1.00 | Rolling Avg Reward: 3.80 | Rolling Avg Loss: -1.9875
Episode 680 | Total Reward: 5.00 | Rolling Avg Reward: 5.30 | Rolling Avg Loss: -0.3333
Episode 690 | Total Reward: 4.00 | Rolling Avg Reward: 5.00 | Rolling Avg Loss: -1.3517
Episode 700 | Total Reward: 5.00 | Rolling Avg Reward: 5.50 | Rolling Avg Loss: 0.1865
Episode 710 | Total Reward: 4.00 | Rolling Avg Reward: 6.80 | Rolling Avg Loss: -1.6353
Episode 720 | Total Reward: 4.00 | Rolling Avg Reward: 5.50 | Rolling Avg Loss: -4.8605
Episode 730 | Total Reward: 7.00 | Rolling Avg Reward: 5.90 | Rolling Avg Loss: 0.0274
Episode 740 | Total Reward: 9.00 | Rolling Avg Reward: 4.80 | Rolling Avg Loss: 1.5176
Episode 750 | Total Reward: 4.00 | Rolling Avg Reward: 4.60 | Rolling Avg Loss: -0.9171
Episode 760 | Total Reward: 5.00 | Rolling Avg Reward: 7.70 | Rolling Avg Loss: 1.0701
Episode 770 | Total Reward: 1.00 | Rolling Avg Reward: 4.30 | Rolling Avg Loss: 0.4641
Episode 780 | Total Reward: 14.00 | Rolling Avg Reward: 7.50 | Rolling Avg Loss: 2.1089
Episode 790 | Total Reward: 7.00 | Rolling Avg Reward: 3.20 | Rolling Avg Loss: -2.9070
Episode 800 | Total Reward: 6.00 | Rolling Avg Reward: 5.60 | Rolling Avg Loss: -7.8156
Episode 810 | Total Reward: 2.00 | Rolling Avg Reward: 4.50 | Rolling Avg Loss: -1.4662
Episode 820 | Total Reward: 3.00 | Rolling Avg Reward: 6.60 | Rolling Avg Loss: 2.4049
Episode 830 | Total Reward: 3.00 | Rolling Avg Reward: 5.00 | Rolling Avg Loss: -1.9622
Episode 840 | Total Reward: 4.00 | Rolling Avg Reward: 4.30 | Rolling Avg Loss: -4.1174
Episode 850 | Total Reward: 4.00 | Rolling Avg Reward: 6.10 | Rolling Avg Loss: 6.8311
Episode 860 | Total Reward: 6.00 | Rolling Avg Reward: 6.00 | Rolling Avg Loss: 0.7399
Episode 870 | Total Reward: 5.00 | Rolling Avg Reward: 5.70 | Rolling Avg Loss: 1.2576
Episode 880 | Total Reward: 4.00 | Rolling Avg Reward: 4.50 | Rolling Avg Loss: -0.7157
Episode 890 | Total Reward: 4.00 | Rolling Avg Reward: 3.80 | Rolling Avg Loss: -1.0813
Episode 900 | Total Reward: 6.00 | Rolling Avg Reward: 4.10 | Rolling Avg Loss: 1.3791
Episode 910 | Total Reward: 17.00 | Rolling Avg Reward: 7.00 | Rolling Avg Loss: 1.0962
Episode 920 | Total Reward: 3.00 | Rolling Avg Reward: 7.20 | Rolling Avg Loss: 0.9457
Episode 930 | Total Reward: 3.00 | Rolling Avg Reward: 4.90 | Rolling Avg Loss: -2.3123
Episode 940 | Total Reward: 5.00 | Rolling Avg Reward: 5.20 | Rolling Avg Loss: -4.9427
Episode 950 | Total Reward: 6.00 | Rolling Avg Reward: 4.40 | Rolling Avg Loss: -1.2002
pereREINFORCE.py:118: UserWarning: Creating a tensor from a list of numpy.ndarrays is extremely slow. Please consider converting the list to a single numpy.ndarray with numpy.array() before converting to a tensor. (Triggered internally at ../torch/csrc/utils/tensor_new.cpp:278.)
  state_tensor = torch.tensor([self.current_state], dtype=torch.float32).to(device)
wandb: - 0.058 MB of 0.058 MB uploadedwandb: \ 0.058 MB of 0.058 MB uploadedwandb:                                                                                
wandb: 
wandb: Run history:
wandb:             AVERAGE REWARD ▅▄▃▆▄▃▅▄▆▄▅▅▅▄▂▁▁▃▁▁▁▁▁▁▁▁▁▁▁▅▃▄▄▅▃▇▇▆█▅
wandb:              LOSS PER GAME ▄▁▄▂▃▅▄▂▄▇▄▄▃▃▄▄▄▄▄▄▄▄▄▄▄▄▄▄▄▄▄▆▃▄▅▃▅▄█▄
wandb: REWARD PER EPISODE TRAINED ▁▂▅▅▂▅▂▂▄▂▄▆▂▄▁▂▂▂▂▂▂▂▂▂▂▂▂▂▂▂▂▂▂▁▅▄▃▃▅█
wandb: 
wandb: Run summary:
wandb:             AVERAGE REWARD 5.2
wandb:              LOSS PER GAME -3.30254
wandb: REWARD PER EPISODE TRAINED 5
wandb: 
wandb: 🚀 View run REINFORCE-TEST(0.0005/0.99) at: https://wandb.ai/peremayolc-universitat-aut-noma-de-barcelona/DEFINITIVE_TEST_KABOOOM/runs/mkzjpz1z
wandb: ⭐️ View project at: https://wandb.ai/peremayolc-universitat-aut-noma-de-barcelona/DEFINITIVE_TEST_KABOOOM
wandb: Synced 4 W&B file(s), 0 media file(s), 3 artifact file(s) and 0 other file(s)
wandb: Find logs at: ./wandb/run-20241205_145804-mkzjpz1z/logs
Episode 960 | Total Reward: 6.00 | Rolling Avg Reward: 5.70 | Rolling Avg Loss: 5.2651
Episode 970 | Total Reward: 2.00 | Rolling Avg Reward: 7.20 | Rolling Avg Loss: 2.7327
Episode 980 | Total Reward: 8.00 | Rolling Avg Reward: 7.70 | Rolling Avg Loss: -4.6143
Episode 990 | Total Reward: 11.00 | Rolling Avg Reward: 6.00 | Rolling Avg Loss: -0.3347
Episode 1000 | Total Reward: 6.00 | Rolling Avg Reward: 5.80 | Rolling Avg Loss: -3.2359
Episode 1010 | Total Reward: 7.00 | Rolling Avg Reward: 7.10 | Rolling Avg Loss: -2.3392
Episode 1020 | Total Reward: 5.00 | Rolling Avg Reward: 7.90 | Rolling Avg Loss: 6.0893
Episode 1030 | Total Reward: 3.00 | Rolling Avg Reward: 5.00 | Rolling Avg Loss: -3.4739
Episode 1040 | Total Reward: 3.00 | Rolling Avg Reward: 6.80 | Rolling Avg Loss: 1.4317
Episode 1050 | Total Reward: 9.00 | Rolling Avg Reward: 5.70 | Rolling Avg Loss: -4.7742
Episode 1060 | Total Reward: 0.00 | Rolling Avg Reward: 6.60 | Rolling Avg Loss: 1.6864
Episode 1070 | Total Reward: 17.00 | Rolling Avg Reward: 5.90 | Rolling Avg Loss: 2.6932
Episode 1080 | Total Reward: 8.00 | Rolling Avg Reward: 3.20 | Rolling Avg Loss: -1.7779
Episode 1090 | Total Reward: 6.00 | Rolling Avg Reward: 7.30 | Rolling Avg Loss: -2.6351
Episode 1100 | Total Reward: 8.00 | Rolling Avg Reward: 5.10 | Rolling Avg Loss: 5.4183
Episode 1110 | Total Reward: 2.00 | Rolling Avg Reward: 6.70 | Rolling Avg Loss: -0.6714
Episode 1120 | Total Reward: 6.00 | Rolling Avg Reward: 5.70 | Rolling Avg Loss: -2.2827
Episode 1130 | Total Reward: 5.00 | Rolling Avg Reward: 6.10 | Rolling Avg Loss: -1.3398
Episode 1140 | Total Reward: 7.00 | Rolling Avg Reward: 7.10 | Rolling Avg Loss: 3.6969
Episode 1150 | Total Reward: 4.00 | Rolling Avg Reward: 6.90 | Rolling Avg Loss: -4.8477
Episode 1160 | Total Reward: 9.00 | Rolling Avg Reward: 5.40 | Rolling Avg Loss: -0.2904
Episode 1170 | Total Reward: 6.00 | Rolling Avg Reward: 5.70 | Rolling Avg Loss: 0.6457
Episode 1180 | Total Reward: 8.00 | Rolling Avg Reward: 6.10 | Rolling Avg Loss: 2.4022
Episode 1190 | Total Reward: 1.00 | Rolling Avg Reward: 5.70 | Rolling Avg Loss: 1.7462
Episode 1200 | Total Reward: 16.00 | Rolling Avg Reward: 8.10 | Rolling Avg Loss: 3.0840
Episode 1210 | Total Reward: 23.00 | Rolling Avg Reward: 6.40 | Rolling Avg Loss: 4.9707
Episode 1220 | Total Reward: 3.00 | Rolling Avg Reward: 6.00 | Rolling Avg Loss: -2.8391
Episode 1230 | Total Reward: 3.00 | Rolling Avg Reward: 5.00 | Rolling Avg Loss: 3.2998
Episode 1240 | Total Reward: 7.00 | Rolling Avg Reward: 4.40 | Rolling Avg Loss: -0.6545
Episode 1250 | Total Reward: 6.00 | Rolling Avg Reward: 6.90 | Rolling Avg Loss: -3.9136
Episode 1260 | Total Reward: 8.00 | Rolling Avg Reward: 7.60 | Rolling Avg Loss: 5.1852
Episode 1270 | Total Reward: 6.00 | Rolling Avg Reward: 6.90 | Rolling Avg Loss: 3.0923
Episode 1280 | Total Reward: 6.00 | Rolling Avg Reward: 5.30 | Rolling Avg Loss: 0.0463
Episode 1290 | Total Reward: 1.00 | Rolling Avg Reward: 4.30 | Rolling Avg Loss: -0.6671
Episode 1300 | Total Reward: 17.00 | Rolling Avg Reward: 7.70 | Rolling Avg Loss: 2.2491
Episode 1310 | Total Reward: 1.00 | Rolling Avg Reward: 5.00 | Rolling Avg Loss: -3.0135
Episode 1320 | Total Reward: 6.00 | Rolling Avg Reward: 7.40 | Rolling Avg Loss: 0.4115
Episode 1330 | Total Reward: 3.00 | Rolling Avg Reward: 5.60 | Rolling Avg Loss: 0.3205
Episode 1340 | Total Reward: 9.00 | Rolling Avg Reward: 9.10 | Rolling Avg Loss: 0.3914
Episode 1350 | Total Reward: 2.00 | Rolling Avg Reward: 4.90 | Rolling Avg Loss: -0.2289
Episode 1360 | Total Reward: 19.00 | Rolling Avg Reward: 5.50 | Rolling Avg Loss: -0.3756
Episode 1370 | Total Reward: 2.00 | Rolling Avg Reward: 4.20 | Rolling Avg Loss: 0.1199
Episode 1380 | Total Reward: 8.00 | Rolling Avg Reward: 6.60 | Rolling Avg Loss: 0.4029
Episode 1390 | Total Reward: 1.00 | Rolling Avg Reward: 7.00 | Rolling Avg Loss: -3.5870
Episode 1400 | Total Reward: 8.00 | Rolling Avg Reward: 6.40 | Rolling Avg Loss: 0.2760
Episode 1410 | Total Reward: 9.00 | Rolling Avg Reward: 5.00 | Rolling Avg Loss: -3.6135
Episode 1420 | Total Reward: 5.00 | Rolling Avg Reward: 6.00 | Rolling Avg Loss: 0.5382
Episode 1430 | Total Reward: 6.00 | Rolling Avg Reward: 5.90 | Rolling Avg Loss: -0.0024
Episode 1440 | Total Reward: 5.00 | Rolling Avg Reward: 6.10 | Rolling Avg Loss: 6.7824
Episode 1450 | Total Reward: 8.00 | Rolling Avg Reward: 6.20 | Rolling Avg Loss: -3.3140
Episode 1460 | Total Reward: 2.00 | Rolling Avg Reward: 2.40 | Rolling Avg Loss: -2.0883
Episode 1470 | Total Reward: 10.00 | Rolling Avg Reward: 5.90 | Rolling Avg Loss: -0.0728
Episode 1480 | Total Reward: 2.00 | Rolling Avg Reward: 5.30 | Rolling Avg Loss: 3.2881
Episode 1490 | Total Reward: 6.00 | Rolling Avg Reward: 5.40 | Rolling Avg Loss: -3.4722
