A.L.E: Arcade Learning Environment (version 0.10.1+unknown)
[Powered by Stella]
/fhome/pmlai01/.local/lib/python3.8/site-packages/gymnasium/wrappers/rendering.py:283: UserWarning: [33mWARN: Overwriting existing videos at /export/fhome/pmlai01/DQN/Working/Runs4/videos folder (try specifying a different `video_folder` for the `RecordVideo` wrapper if this is not desired)[0m
  logger.warn(
wandb: Using wandb-core as the SDK backend.  Please refer to https://wandb.me/wandb-core for more information.
wandb: Currently logged in as: andreugaski (andreugaski-universitat-aut-noma-de-barcelona). Use `wandb login --relogin` to force relogin
wandb: Tracking run with wandb version 0.18.7
wandb: Run data is saved locally in /fhome/pmlai01/DQN/Working/wandb4/wandb/run-20241214_153208-81zw6gqh
wandb: Run `wandb offline` to turn off syncing.
wandb: Syncing run effortless-bee-330
wandb: ⭐️ View project at https://wandb.ai/andreugaski-universitat-aut-noma-de-barcelona/DQN_Kaboom
wandb: 🚀 View run at https://wandb.ai/andreugaski-universitat-aut-noma-de-barcelona/DQN_Kaboom/runs/81zw6gqh
cuda
1.0.0
Standard Env.        : (210, 160)
MaxAndSkipEnv        : (210, 160)
RecordVideo          : Applied
ProcessFrame84       : (84, 84)
BufferWrapper        : (4, 84, 84)
ScaledFloatFrame     : (4, 84, 84)
EnvCompatibility     : Applied
Experiment 1/2: {'learning_rate': 0.0005, 'batch_size': 64, 'gamma': 0.99, 'epsilon_decay': 0.999985, 'target_update_freq': 500}
Frame:5103 | Total games:100 | Mean reward: 3.200 (epsilon: 0.93)
Frame:10244 | Total games:200 | Mean reward: 3.800 (epsilon: 0.86)
Frame:15427 | Total games:300 | Mean reward: 4.700 (epsilon: 0.79)
Frame:20637 | Total games:400 | Mean reward: 5.200 (epsilon: 0.73)
Frame:26032 | Total games:500 | Mean reward: 3.200 (epsilon: 0.68)
Frame:31454 | Total games:600 | Mean reward: 5.000 (epsilon: 0.62)
Frame:37399 | Total games:700 | Mean reward: 8.000 (epsilon: 0.57)
Frame:43557 | Total games:800 | Mean reward: 10.000 (epsilon: 0.52)
Frame:50208 | Total games:900 | Mean reward: 16.500 (epsilon: 0.47)
Frame:56800 | Total games:1000 | Mean reward: 12.900 (epsilon: 0.43)
Frame:63549 | Total games:1100 | Mean reward: 13.600 (epsilon: 0.39)
Frame:70725 | Total games:1200 | Mean reward: 8.100 (epsilon: 0.35)
Frame:78086 | Total games:1300 | Mean reward: 28.100 (epsilon: 0.31)
Frame:86021 | Total games:1400 | Mean reward: 22.300 (epsilon: 0.28)
Frame:94079 | Total games:1500 | Mean reward: 20.400 (epsilon: 0.24)
Frame:103111 | Total games:1600 | Mean reward: 31.400 (epsilon: 0.21)
Frame:111990 | Total games:1700 | Mean reward: 22.000 (epsilon: 0.19)
Frame:121419 | Total games:1800 | Mean reward: 18.000 (epsilon: 0.16)
Frame:131401 | Total games:1900 | Mean reward: 45.800 (epsilon: 0.14)
Frame:141657 | Total games:2000 | Mean reward: 37.100 (epsilon: 0.12)
Frame:151913 | Total games:2100 | Mean reward: 46.400 (epsilon: 0.10)
Frame:162781 | Total games:2200 | Mean reward: 42.500 (epsilon: 0.09)
Frame:174688 | Total games:2300 | Mean reward: 48.900 (epsilon: 0.07)
Frame:187210 | Total games:2400 | Mean reward: 48.400 (epsilon: 0.06)
Frame:200158 | Total games:2500 | Mean reward: 74.300 (epsilon: 0.05)
Frame:214090 | Total games:2600 | Mean reward: 80.000 (epsilon: 0.04)
Frame:229111 | Total games:2700 | Mean reward: 66.000 (epsilon: 0.03)
Frame:242508 | Total games:2800 | Mean reward: 79.700 (epsilon: 0.03)
Frame:256362 | Total games:2900 | Mean reward: 62.100 (epsilon: 0.02)
Frame:269667 | Total games:3000 | Mean reward: 79.300 (epsilon: 0.02)
Frame:284015 | Total games:3100 | Mean reward: 78.700 (epsilon: 0.02)
Frame:298713 | Total games:3200 | Mean reward: 78.500 (epsilon: 0.02)
Frame:311670 | Total games:3300 | Mean reward: 69.200 (epsilon: 0.02)
Frame:325506 | Total games:3400 | Mean reward: 75.600 (epsilon: 0.02)
Frame:340761 | Total games:3500 | Mean reward: 79.300 (epsilon: 0.02)
Frame:356351 | Total games:3600 | Mean reward: 74.800 (epsilon: 0.02)
Frame:370982 | Total games:3700 | Mean reward: 64.700 (epsilon: 0.02)
Frame:379242 | Total games:3757 | Mean reward: 100.100 (epsilon: 0.02)
Frame:385124 | Total games:3800 | Mean reward: 83.900 (epsilon: 0.02)
Frame:398473 | Total games:3900 | Mean reward: 83.200 (epsilon: 0.02)
Frame:411541 | Total games:4000 | Mean reward: 82.000 (epsilon: 0.02)
Frame:425732 | Total games:4100 | Mean reward: 69.600 (epsilon: 0.02)
Frame:439000 | Total games:4200 | Mean reward: 81.900 (epsilon: 0.02)
Frame:447185 | Total games:4251 | Mean reward: 100.200 (epsilon: 0.02)
Frame:453612 | Total games:4300 | Mean reward: 86.200 (epsilon: 0.02)
Frame:465251 | Total games:4377 | Mean reward: 101.400 (epsilon: 0.02)
Frame:467393 | Total games:4395 | Mean reward: 100.500 (epsilon: 0.02)
Frame:467548 | Total games:4396 | Mean reward: 105.700 (epsilon: 0.02)
Frame:467664 | Total games:4397 | Mean reward: 104.900 (epsilon: 0.02)
Frame:467893 | Total games:4399 | Mean reward: 100.300 (epsilon: 0.02)
Frame:468004 | Total games:4400 | Mean reward: 98.300 (epsilon: 0.02)
Frame:469597 | Total games:4411 | Mean reward: 101.900 (epsilon: 0.02)
Frame:472395 | Total games:4433 | Mean reward: 101.200 (epsilon: 0.02)
Frame:472517 | Total games:4434 | Mean reward: 100.900 (epsilon: 0.02)
Frame:472649 | Total games:4435 | Mean reward: 103.600 (epsilon: 0.02)
Frame:472761 | Total games:4436 | Mean reward: 102.200 (epsilon: 0.02)
Frame:481723 | Total games:4500 | Mean reward: 69.900 (epsilon: 0.02)
Frame:496503 | Total games:4600 | Mean reward: 84.000 (epsilon: 0.02)
Frame:499140 | Total games:4618 | Mean reward: 104.900 (epsilon: 0.02)
Frame:499393 | Total games:4620 | Mean reward: 102.700 (epsilon: 0.02)
Frame:499509 | Total games:4621 | Mean reward: 101.200 (epsilon: 0.02)
Frame:502509 | Total games:4636 | Mean reward: 103.300 (epsilon: 0.02)
Frame:502657 | Total games:4637 | Mean reward: 106.700 (epsilon: 0.02)
Frame:502769 | Total games:4638 | Mean reward: 102.800 (epsilon: 0.02)
Frame:502901 | Total games:4639 | Mean reward: 101.900 (epsilon: 0.02)
Frame:503183 | Total games:4641 | Mean reward: 101.200 (epsilon: 0.02)
Frame:503316 | Total games:4642 | Mean reward: 103.900 (epsilon: 0.02)
Frame:503658 | Total games:4644 | Mean reward: 106.600 (epsilon: 0.02)
Frame:503919 | Total games:4645 | Mean reward: 102.800 (epsilon: 0.02)
Frame:504502 | Total games:4648 | Mean reward: 101.100 (epsilon: 0.02)
Frame:510939 | Total games:4700 | Mean reward: 75.200 (epsilon: 0.02)
Frame:524530 | Total games:4800 | Mean reward: 93.600 (epsilon: 0.02)
Frame:536738 | Total games:4881 | Mean reward: 102.400 (epsilon: 0.02)
Frame:537010 | Total games:4882 | Mean reward: 102.800 (epsilon: 0.02)
Frame:537120 | Total games:4883 | Mean reward: 100.500 (epsilon: 0.02)
Frame:537229 | Total games:4884 | Mean reward: 101.600 (epsilon: 0.02)
Frame:537679 | Total games:4887 | Mean reward: 101.900 (epsilon: 0.02)
Frame:539524 | Total games:4900 | Mean reward: 85.300 (epsilon: 0.02)
Frame:551139 | Total games:4981 | Mean reward: 100.900 (epsilon: 0.02)
Frame:551531 | Total games:4983 | Mean reward: 101.900 (epsilon: 0.02)
Frame:554290 | Total games:5000 | Mean reward: 83.200 (epsilon: 0.02)
Frame:556285 | Total games:5014 | Mean reward: 101.000 (epsilon: 0.02)
Frame:556508 | Total games:5015 | Mean reward: 106.700 (epsilon: 0.02)
Frame:556632 | Total games:5016 | Mean reward: 107.800 (epsilon: 0.02)
Frame:568848 | Total games:5100 | Mean reward: 70.500 (epsilon: 0.02)
Frame:578695 | Total games:5173 | Mean reward: 100.500 (epsilon: 0.02)
Frame:578967 | Total games:5175 | Mean reward: 100.200 (epsilon: 0.02)
Frame:582349 | Total games:5200 | Mean reward: 84.500 (epsilon: 0.02)
Frame:587488 | Total games:5241 | Mean reward: 101.200 (epsilon: 0.02)
Frame:587767 | Total games:5242 | Mean reward: 107.800 (epsilon: 0.02)
Frame:595337 | Total games:5296 | Mean reward: 102.800 (epsilon: 0.02)
Frame:595970 | Total games:5297 | Mean reward: 104.800 (epsilon: 0.02)
Frame:596120 | Total games:5298 | Mean reward: 103.900 (epsilon: 0.02)
Frame:596517 | Total games:5299 | Mean reward: 107.700 (epsilon: 0.02)
Frame:596625 | Total games:5300 | Mean reward: 99.000 (epsilon: 0.02)
Frame:603819 | Total games:5349 | Mean reward: 103.200 (epsilon: 0.02)
Frame:604180 | Total games:5351 | Mean reward: 108.000 (epsilon: 0.02)
Frame:611296 | Total games:5400 | Mean reward: 69.700 (epsilon: 0.02)
Frame:626138 | Total games:5500 | Mean reward: 98.400 (epsilon: 0.02)
Frame:641106 | Total games:5600 | Mean reward: 77.500 (epsilon: 0.02)
Frame:642825 | Total games:5613 | Mean reward: 108.700 (epsilon: 0.02)
Frame:642968 | Total games:5614 | Mean reward: 101.800 (epsilon: 0.02)
Frame:643079 | Total games:5615 | Mean reward: 100.700 (epsilon: 0.02)
Frame:645512 | Total games:5634 | Mean reward: 101.500 (epsilon: 0.02)
Frame:645655 | Total games:5635 | Mean reward: 105.700 (epsilon: 0.02)
Frame:645905 | Total games:5636 | Mean reward: 108.300 (epsilon: 0.02)
Frame:646085 | Total games:5638 | Mean reward: 101.800 (epsilon: 0.02)
Frame:646345 | Total games:5640 | Mean reward: 105.600 (epsilon: 0.02)
Frame:653926 | Total games:5696 | Mean reward: 101.400 (epsilon: 0.02)
Frame:654759 | Total games:5700 | Mean reward: 94.300 (epsilon: 0.02)
Frame:656448 | Total games:5713 | Mean reward: 101.000 (epsilon: 0.02)
wandb:                                                                                
wandb: 
wandb: Run history:
wandb: cumulative_reward ▁▁▂▂▂▃▃▁▇▆█▄▂▅▆▆▅▂▆██▄▅▄▆▂▅▇▄▃▂▅▅▇▃▂▅▂▆▄
wandb:           episode ▁▁▁▁▁▂▂▂▂▂▂▂▂▃▃▃▃▃▃▄▄▄▄▄▄▅▅▅▅▅▅▆▆▆▆▇▇▇▇█
wandb:           epsilon █▇▆▆▆▄▃▂▂▂▁▁▁▁▁▁▁▁▁▁▁▁▁▁▁▁▁▁▁▁▁▁▁▁▁▁▁▁▁▁
wandb:      frame_number ▁▁▁▁▁▂▂▂▂▂▃▃▃▃▃▄▄▄▄▄▄▄▄▄▅▅▅▅▅▅▆▆▆▇▇█████
wandb:  immediate_reward ▁▁▁▁▁▁▁▁▅▁▁▁▁▁▁▁█▁▁▁▁▁█▁▅▁▁▅▁▁█▁██▁▁▁▁▁▁
wandb:              loss ▁▁▂▂▃▃▄▂▂▃▄▄▁▃▃▂▂▂▃▃▇▃▅▅▆█▅▇▄▄▅▄▄▂▃▅▃▆▆▃
wandb:       mean_reward ▁▁▁▁▁▁▂▂▂▃▇▇▇█▆▇▅█▆███▆▇█▆▇▇▇▇▆▇▇▇▆▇▆▆▇▅
wandb: 
wandb: Run summary:
wandb: cumulative_reward 95
wandb:           episode 10000
wandb:           epsilon 0.02
wandb:      frame_number 1265861
wandb:  immediate_reward 0
wandb:              loss 2.80774
wandb:       mean_reward 61.8
wandb: 
wandb: 🚀 View run effortless-bee-330 at: https://wandb.ai/andreugaski-universitat-aut-noma-de-barcelona/DQN_Kaboom/runs/81zw6gqh
wandb: ⭐️ View project at: https://wandb.ai/andreugaski-universitat-aut-noma-de-barcelona/DQN_Kaboom
wandb: Synced 5 W&B file(s), 0 media file(s), 0 artifact file(s) and 0 other file(s)
wandb: Find logs at: /fhome/pmlai01/DQN/Working/wandb4/wandb/run-20241214_153208-81zw6gqh/logs
Frame:656599 | Total games:5714 | Mean reward: 105.000 (epsilon: 0.02)
Frame:656718 | Total games:5715 | Mean reward: 104.000 (epsilon: 0.02)
Frame:656826 | Total games:5716 | Mean reward: 106.800 (epsilon: 0.02)
Frame:663297 | Total games:5762 | Mean reward: 100.500 (epsilon: 0.02)
Frame:663631 | Total games:5763 | Mean reward: 100.200 (epsilon: 0.02)
Frame:663751 | Total games:5764 | Mean reward: 100.800 (epsilon: 0.02)
Frame:668909 | Total games:5800 | Mean reward: 57.200 (epsilon: 0.02)
Frame:683808 | Total games:5900 | Mean reward: 83.300 (epsilon: 0.02)
Frame:698928 | Total games:6000 | Mean reward: 66.600 (epsilon: 0.02)
Frame:712941 | Total games:6100 | Mean reward: 71.300 (epsilon: 0.02)
Frame:714887 | Total games:6113 | Mean reward: 101.200 (epsilon: 0.02)
Frame:715189 | Total games:6115 | Mean reward: 100.800 (epsilon: 0.02)
Frame:723120 | Total games:6176 | Mean reward: 103.800 (epsilon: 0.02)
Frame:723300 | Total games:6177 | Mean reward: 101.900 (epsilon: 0.02)
Frame:725766 | Total games:6193 | Mean reward: 100.400 (epsilon: 0.02)
Frame:726783 | Total games:6198 | Mean reward: 100.800 (epsilon: 0.02)
Frame:727031 | Total games:6200 | Mean reward: 93.000 (epsilon: 0.02)
Frame:736779 | Total games:6274 | Mean reward: 106.500 (epsilon: 0.02)
Frame:736887 | Total games:6275 | Mean reward: 106.100 (epsilon: 0.02)
Frame:737277 | Total games:6278 | Mean reward: 100.600 (epsilon: 0.02)
Frame:737399 | Total games:6279 | Mean reward: 101.500 (epsilon: 0.02)
Frame:739760 | Total games:6300 | Mean reward: 61.000 (epsilon: 0.02)
Frame:742602 | Total games:6319 | Mean reward: 100.200 (epsilon: 0.02)
Frame:745095 | Total games:6336 | Mean reward: 103.200 (epsilon: 0.02)
Frame:751487 | Total games:6386 | Mean reward: 102.900 (epsilon: 0.02)
Frame:751851 | Total games:6388 | Mean reward: 107.400 (epsilon: 0.02)
Frame:751976 | Total games:6389 | Mean reward: 107.100 (epsilon: 0.02)
Frame:752100 | Total games:6390 | Mean reward: 107.800 (epsilon: 0.02)
Frame:752221 | Total games:6391 | Mean reward: 103.900 (epsilon: 0.02)
Frame:752353 | Total games:6392 | Mean reward: 106.900 (epsilon: 0.02)
Frame:752459 | Total games:6393 | Mean reward: 102.400 (epsilon: 0.02)
Frame:752579 | Total games:6394 | Mean reward: 104.000 (epsilon: 0.02)
Frame:752721 | Total games:6395 | Mean reward: 102.000 (epsilon: 0.02)
Frame:753261 | Total games:6400 | Mean reward: 81.200 (epsilon: 0.02)
Frame:766413 | Total games:6500 | Mean reward: 88.300 (epsilon: 0.02)
Frame:771615 | Total games:6541 | Mean reward: 100.800 (epsilon: 0.02)
Frame:771957 | Total games:6543 | Mean reward: 102.500 (epsilon: 0.02)
Frame:773364 | Total games:6553 | Mean reward: 100.500 (epsilon: 0.02)
Frame:773600 | Total games:6555 | Mean reward: 102.400 (epsilon: 0.02)
Frame:773761 | Total games:6556 | Mean reward: 105.400 (epsilon: 0.02)
Frame:773882 | Total games:6557 | Mean reward: 104.900 (epsilon: 0.02)
Frame:774144 | Total games:6559 | Mean reward: 102.400 (epsilon: 0.02)
Frame:774263 | Total games:6560 | Mean reward: 101.800 (epsilon: 0.02)
Frame:774396 | Total games:6561 | Mean reward: 105.300 (epsilon: 0.02)
Frame:774523 | Total games:6562 | Mean reward: 101.500 (epsilon: 0.02)
Frame:774944 | Total games:6565 | Mean reward: 107.900 (epsilon: 0.02)
Frame:775064 | Total games:6566 | Mean reward: 102.900 (epsilon: 0.02)
Frame:775189 | Total games:6567 | Mean reward: 103.500 (epsilon: 0.02)
Frame:775310 | Total games:6568 | Mean reward: 108.000 (epsilon: 0.02)
Frame:775435 | Total games:6569 | Mean reward: 106.600 (epsilon: 0.02)
Frame:775559 | Total games:6570 | Mean reward: 104.700 (epsilon: 0.02)
Frame:775675 | Total games:6571 | Mean reward: 101.700 (epsilon: 0.02)
Frame:779331 | Total games:6600 | Mean reward: 83.900 (epsilon: 0.02)
Frame:791666 | Total games:6695 | Mean reward: 105.700 (epsilon: 0.02)
Frame:791784 | Total games:6696 | Mean reward: 104.800 (epsilon: 0.02)
Frame:791923 | Total games:6697 | Mean reward: 103.500 (epsilon: 0.02)
Frame:792310 | Total games:6700 | Mean reward: 96.300 (epsilon: 0.02)
Frame:795404 | Total games:6723 | Mean reward: 101.300 (epsilon: 0.02)
Frame:795513 | Total games:6724 | Mean reward: 101.600 (epsilon: 0.02)
Frame:795773 | Total games:6726 | Mean reward: 101.400 (epsilon: 0.02)
Frame:795901 | Total games:6727 | Mean reward: 101.800 (epsilon: 0.02)
Frame:796134 | Total games:6728 | Mean reward: 108.700 (epsilon: 0.02)
Frame:796241 | Total games:6729 | Mean reward: 104.600 (epsilon: 0.02)
Frame:796375 | Total games:6730 | Mean reward: 100.600 (epsilon: 0.02)
Frame:800089 | Total games:6758 | Mean reward: 102.100 (epsilon: 0.02)
Frame:800508 | Total games:6760 | Mean reward: 100.900 (epsilon: 0.02)
Frame:800627 | Total games:6761 | Mean reward: 108.600 (epsilon: 0.02)
Frame:800750 | Total games:6762 | Mean reward: 111.500 (epsilon: 0.02)
Frame:800871 | Total games:6763 | Mean reward: 107.400 (epsilon: 0.02)
Frame:800999 | Total games:6764 | Mean reward: 105.100 (epsilon: 0.02)
Frame:801125 | Total games:6765 | Mean reward: 107.300 (epsilon: 0.02)
Frame:801241 | Total games:6766 | Mean reward: 105.800 (epsilon: 0.02)
Frame:805957 | Total games:6800 | Mean reward: 83.200 (epsilon: 0.02)
Frame:819059 | Total games:6900 | Mean reward: 75.900 (epsilon: 0.02)
Frame:833544 | Total games:7000 | Mean reward: 81.800 (epsilon: 0.02)
Frame:847973 | Total games:7100 | Mean reward: 82.700 (epsilon: 0.02)
Frame:860655 | Total games:7200 | Mean reward: 73.400 (epsilon: 0.02)
Frame:877659 | Total games:7300 | Mean reward: 87.300 (epsilon: 0.02)
Frame:893782 | Total games:7400 | Mean reward: 80.200 (epsilon: 0.02)
Frame:908770 | Total games:7500 | Mean reward: 83.300 (epsilon: 0.02)
Frame:922596 | Total games:7600 | Mean reward: 64.100 (epsilon: 0.02)
Frame:935620 | Total games:7700 | Mean reward: 82.300 (epsilon: 0.02)
Frame:949357 | Total games:7800 | Mean reward: 90.600 (epsilon: 0.02)
Frame:955653 | Total games:7847 | Mean reward: 101.900 (epsilon: 0.02)
Frame:963743 | Total games:7900 | Mean reward: 90.900 (epsilon: 0.02)
Frame:976932 | Total games:8000 | Mean reward: 65.700 (epsilon: 0.02)
Frame:988226 | Total games:8086 | Mean reward: 104.100 (epsilon: 0.02)
Frame:988355 | Total games:8087 | Mean reward: 104.300 (epsilon: 0.02)
Frame:988476 | Total games:8088 | Mean reward: 102.400 (epsilon: 0.02)
Frame:989912 | Total games:8100 | Mean reward: 76.000 (epsilon: 0.02)
Frame:1002456 | Total games:8200 | Mean reward: 76.400 (epsilon: 0.02)
Frame:1015533 | Total games:8300 | Mean reward: 82.000 (epsilon: 0.02)
Frame:1029196 | Total games:8400 | Mean reward: 80.800 (epsilon: 0.02)
Frame:1043454 | Total games:8500 | Mean reward: 77.900 (epsilon: 0.02)
Frame:1045196 | Total games:8511 | Mean reward: 100.200 (epsilon: 0.02)
Frame:1045738 | Total games:8514 | Mean reward: 100.300 (epsilon: 0.02)
Frame:1055630 | Total games:8590 | Mean reward: 100.600 (epsilon: 0.02)
Frame:1056949 | Total games:8600 | Mean reward: 65.400 (epsilon: 0.02)
Frame:1069472 | Total games:8700 | Mean reward: 69.600 (epsilon: 0.02)
Frame:1083719 | Total games:8800 | Mean reward: 69.200 (epsilon: 0.02)
Frame:1098246 | Total games:8900 | Mean reward: 68.900 (epsilon: 0.02)
Frame:1111481 | Total games:9000 | Mean reward: 70.500 (epsilon: 0.02)
Frame:1124663 | Total games:9100 | Mean reward: 62.800 (epsilon: 0.02)
Frame:1139113 | Total games:9200 | Mean reward: 80.900 (epsilon: 0.02)
Frame:1151693 | Total games:9300 | Mean reward: 60.900 (epsilon: 0.02)
Frame:1166339 | Total games:9400 | Mean reward: 78.900 (epsilon: 0.02)
Frame:1180262 | Total games:9500 | Mean reward: 68.600 (epsilon: 0.02)
Frame:1195268 | Total games:9600 | Mean reward: 60.700 (epsilon: 0.02)
Frame:1211998 | Total games:9700 | Mean reward: 64.200 (epsilon: 0.02)
Frame:1230031 | Total games:9800 | Mean reward: 63.900 (epsilon: 0.02)
Frame:1246732 | Total games:9900 | Mean reward: 70.500 (epsilon: 0.02)
Frame:1265861 | Total games:10000 | Mean reward: 61.800 (epsilon: 0.02)
Mean Reward: 66.99
New model saved with reward 66.99
Hyperparameters saved: {'learning_rate': 0.0005, 'batch_size': 64, 'gamma': 0.99, 'epsilon_decay': 0.999985, 'target_update_freq': 500}
Training data saved to ./Runs4/experiment_1/training_data.json
wandb: Tracking run with wandb version 0.18.7
wandb: Run data is saved locally in /fhome/pmlai01/DQN/Working/wandb4/wandb/run-20241214_224307-z6derdh5
wandb: Run `wandb offline` to turn off syncing.
wandb: Syncing run pretty-moon-345
wandb: ⭐️ View project at https://wandb.ai/andreugaski-universitat-aut-noma-de-barcelona/DQN_Kaboom
wandb: 🚀 View run at https://wandb.ai/andreugaski-universitat-aut-noma-de-barcelona/DQN_Kaboom/runs/z6derdh5
slurmstepd: error: *** JOB 55646 ON etse-75-51 CANCELLED AT 2024-12-14T23:49:34 ***
